{"C:\\Users\\Cefalo\\Downloads\\Blog-Station\\backend\\db.config.js": {"path":"C:\\Users\\Cefalo\\Downloads\\Blog-Station\\backend\\db.config.js","all":false,"statementMap":{"0":{"start":{"line":1,"column":0},"end":{"line":1,"column":33}},"1":{"start":{"line":2,"column":0},"end":{"line":2,"column":39}},"2":{"start":{"line":3,"column":0},"end":{"line":3,"column":16}},"3":{"start":{"line":4,"column":0},"end":{"line":4,"column":0}},"4":{"start":{"line":5,"column":0},"end":{"line":5,"column":60}},"5":{"start":{"line":6,"column":0},"end":{"line":6,"column":25}},"6":{"start":{"line":7,"column":0},"end":{"line":7,"column":19}},"7":{"start":{"line":8,"column":0},"end":{"line":8,"column":3}},"8":{"start":{"line":9,"column":0},"end":{"line":9,"column":0}},"9":{"start":{"line":10,"column":0},"end":{"line":10,"column":14}},"10":{"start":{"line":11,"column":0},"end":{"line":11,"column":7}},"11":{"start":{"line":12,"column":0},"end":{"line":12,"column":35}},"12":{"start":{"line":13,"column":0},"end":{"line":13,"column":65}},"13":{"start":{"line":14,"column":0},"end":{"line":14,"column":19}},"14":{"start":{"line":15,"column":0},"end":{"line":15,"column":63}},"15":{"start":{"line":16,"column":0},"end":{"line":16,"column":3}},"16":{"start":{"line":17,"column":0},"end":{"line":17,"column":5}},"17":{"start":{"line":18,"column":0},"end":{"line":18,"column":0}},"18":{"start":{"line":19,"column":0},"end":{"line":19,"column":27}}},"s":{"0":1,"1":1,"2":1,"3":1,"4":1,"5":1,"6":1,"7":1,"8":1,"9":1,"10":8,"11":8,"12":0,"13":0,"14":0,"15":0,"16":1,"17":1,"18":1},"branchMap":{"0":{"type":"branch","line":10,"loc":{"start":{"line":10,"column":1},"end":{"line":17,"column":4}},"locations":[{"start":{"line":10,"column":1},"end":{"line":17,"column":4}}]},"1":{"type":"branch","line":12,"loc":{"start":{"line":12,"column":34},"end":{"line":16,"column":3}},"locations":[{"start":{"line":12,"column":34},"end":{"line":16,"column":3}}]}},"b":{"0":[8],"1":[0]},"fnMap":{},"f":{}}
,"C:\\Users\\Cefalo\\Downloads\\Blog-Station\\backend\\DTO\\blogDTO.js": {"path":"C:\\Users\\Cefalo\\Downloads\\Blog-Station\\backend\\DTO\\blogDTO.js","all":false,"statementMap":{"0":{"start":{"line":1,"column":0},"end":{"line":1,"column":15}},"1":{"start":{"line":2,"column":0},"end":{"line":2,"column":23}},"2":{"start":{"line":3,"column":0},"end":{"line":3,"column":26}},"3":{"start":{"line":4,"column":0},"end":{"line":4,"column":32}},"4":{"start":{"line":5,"column":0},"end":{"line":5,"column":44}},"5":{"start":{"line":6,"column":0},"end":{"line":6,"column":40}},"6":{"start":{"line":7,"column":0},"end":{"line":7,"column":38}},"7":{"start":{"line":8,"column":0},"end":{"line":8,"column":5}},"8":{"start":{"line":9,"column":0},"end":{"line":9,"column":3}},"9":{"start":{"line":10,"column":0},"end":{"line":10,"column":27}}},"s":{"0":1,"1":1,"2":0,"3":0,"4":0,"5":0,"6":0,"7":0,"8":1,"9":1},"branchMap":{},"b":{},"fnMap":{"0":{"name":"BlogDTO","decl":{"start":{"line":2,"column":4},"end":{"line":8,"column":5}},"loc":{"start":{"line":2,"column":4},"end":{"line":8,"column":5}},"line":2}},"f":{"0":0}}
,"C:\\Users\\Cefalo\\Downloads\\Blog-Station\\backend\\DTO\\userDTO.js": {"path":"C:\\Users\\Cefalo\\Downloads\\Blog-Station\\backend\\DTO\\userDTO.js","all":false,"statementMap":{"0":{"start":{"line":1,"column":0},"end":{"line":1,"column":14}},"1":{"start":{"line":2,"column":0},"end":{"line":2,"column":23}},"2":{"start":{"line":3,"column":0},"end":{"line":3,"column":26}},"3":{"start":{"line":4,"column":0},"end":{"line":4,"column":38}},"4":{"start":{"line":5,"column":0},"end":{"line":5,"column":32}},"5":{"start":{"line":6,"column":0},"end":{"line":6,"column":40}},"6":{"start":{"line":7,"column":0},"end":{"line":7,"column":40}},"7":{"start":{"line":8,"column":0},"end":{"line":8,"column":5}},"8":{"start":{"line":9,"column":0},"end":{"line":9,"column":3}},"9":{"start":{"line":10,"column":0},"end":{"line":10,"column":27}}},"s":{"0":1,"1":1,"2":4,"3":4,"4":4,"5":4,"6":4,"7":4,"8":1,"9":1},"branchMap":{"0":{"type":"branch","line":2,"loc":{"start":{"line":2,"column":4},"end":{"line":8,"column":5}},"locations":[{"start":{"line":2,"column":4},"end":{"line":8,"column":5}}]}},"b":{"0":[4]},"fnMap":{"0":{"name":"UserDTO","decl":{"start":{"line":2,"column":4},"end":{"line":8,"column":5}},"loc":{"start":{"line":2,"column":4},"end":{"line":8,"column":5}},"line":2}},"f":{"0":4}}
,"C:\\Users\\Cefalo\\Downloads\\Blog-Station\\backend\\__test__\\mockDatabase.js": {"path":"C:\\Users\\Cefalo\\Downloads\\Blog-Station\\backend\\__test__\\mockDatabase.js","all":false,"statementMap":{"0":{"start":{"line":1,"column":0},"end":{"line":1,"column":16}},"1":{"start":{"line":2,"column":0},"end":{"line":2,"column":5}},"2":{"start":{"line":3,"column":0},"end":{"line":3,"column":53}},"3":{"start":{"line":4,"column":0},"end":{"line":4,"column":27}},"4":{"start":{"line":5,"column":0},"end":{"line":5,"column":34}},"5":{"start":{"line":6,"column":0},"end":{"line":6,"column":28}},"6":{"start":{"line":7,"column":0},"end":{"line":7,"column":48}},"7":{"start":{"line":8,"column":0},"end":{"line":8,"column":47}},"8":{"start":{"line":9,"column":0},"end":{"line":9,"column":6}},"9":{"start":{"line":10,"column":0},"end":{"line":10,"column":5}},"10":{"start":{"line":11,"column":0},"end":{"line":11,"column":53}},"11":{"start":{"line":12,"column":0},"end":{"line":12,"column":29}},"12":{"start":{"line":13,"column":0},"end":{"line":13,"column":36}},"13":{"start":{"line":14,"column":0},"end":{"line":14,"column":48}},"14":{"start":{"line":15,"column":0},"end":{"line":15,"column":47}},"15":{"start":{"line":16,"column":0},"end":{"line":16,"column":6}},"16":{"start":{"line":17,"column":0},"end":{"line":17,"column":5}},"17":{"start":{"line":18,"column":0},"end":{"line":18,"column":53}},"18":{"start":{"line":19,"column":0},"end":{"line":19,"column":28}},"19":{"start":{"line":20,"column":0},"end":{"line":20,"column":37}},"20":{"start":{"line":21,"column":0},"end":{"line":21,"column":48}},"21":{"start":{"line":22,"column":0},"end":{"line":22,"column":47}},"22":{"start":{"line":23,"column":0},"end":{"line":23,"column":6}},"23":{"start":{"line":24,"column":0},"end":{"line":24,"column":5}},"24":{"start":{"line":25,"column":0},"end":{"line":25,"column":53}},"25":{"start":{"line":26,"column":0},"end":{"line":26,"column":29}},"26":{"start":{"line":27,"column":0},"end":{"line":27,"column":38}},"27":{"start":{"line":28,"column":0},"end":{"line":28,"column":48}},"28":{"start":{"line":29,"column":0},"end":{"line":29,"column":47}},"29":{"start":{"line":30,"column":0},"end":{"line":30,"column":5}},"30":{"start":{"line":31,"column":0},"end":{"line":31,"column":2}},"31":{"start":{"line":32,"column":0},"end":{"line":32,"column":0}},"32":{"start":{"line":33,"column":0},"end":{"line":33,"column":16}},"33":{"start":{"line":34,"column":0},"end":{"line":34,"column":5}},"34":{"start":{"line":35,"column":0},"end":{"line":35,"column":53}},"35":{"start":{"line":36,"column":0},"end":{"line":36,"column":30}},"36":{"start":{"line":37,"column":0},"end":{"line":37,"column":49}},"37":{"start":{"line":38,"column":0},"end":{"line":38,"column":48}},"38":{"start":{"line":39,"column":0},"end":{"line":39,"column":48}},"39":{"start":{"line":40,"column":0},"end":{"line":40,"column":59}},"40":{"start":{"line":41,"column":0},"end":{"line":41,"column":17}},"41":{"start":{"line":42,"column":0},"end":{"line":42,"column":6}},"42":{"start":{"line":43,"column":0},"end":{"line":43,"column":5}},"43":{"start":{"line":44,"column":0},"end":{"line":44,"column":53}},"44":{"start":{"line":45,"column":0},"end":{"line":45,"column":30}},"45":{"start":{"line":46,"column":0},"end":{"line":46,"column":51}},"46":{"start":{"line":47,"column":0},"end":{"line":47,"column":48}},"47":{"start":{"line":48,"column":0},"end":{"line":48,"column":48}},"48":{"start":{"line":49,"column":0},"end":{"line":49,"column":59}},"49":{"start":{"line":50,"column":0},"end":{"line":50,"column":17}},"50":{"start":{"line":51,"column":0},"end":{"line":51,"column":6}},"51":{"start":{"line":52,"column":0},"end":{"line":52,"column":5}},"52":{"start":{"line":53,"column":0},"end":{"line":53,"column":53}},"53":{"start":{"line":54,"column":0},"end":{"line":54,"column":30}},"54":{"start":{"line":55,"column":0},"end":{"line":55,"column":56}},"55":{"start":{"line":56,"column":0},"end":{"line":56,"column":48}},"56":{"start":{"line":57,"column":0},"end":{"line":57,"column":48}},"57":{"start":{"line":58,"column":0},"end":{"line":58,"column":59}},"58":{"start":{"line":59,"column":0},"end":{"line":59,"column":17}},"59":{"start":{"line":60,"column":0},"end":{"line":60,"column":6}},"60":{"start":{"line":61,"column":0},"end":{"line":61,"column":5}},"61":{"start":{"line":62,"column":0},"end":{"line":62,"column":53}},"62":{"start":{"line":63,"column":0},"end":{"line":63,"column":31}},"63":{"start":{"line":64,"column":0},"end":{"line":64,"column":51}},"64":{"start":{"line":65,"column":0},"end":{"line":65,"column":48}},"65":{"start":{"line":66,"column":0},"end":{"line":66,"column":48}},"66":{"start":{"line":67,"column":0},"end":{"line":67,"column":59}},"67":{"start":{"line":68,"column":0},"end":{"line":68,"column":17}},"68":{"start":{"line":69,"column":0},"end":{"line":69,"column":5}},"69":{"start":{"line":70,"column":0},"end":{"line":70,"column":1}},"70":{"start":{"line":71,"column":0},"end":{"line":71,"column":0}},"71":{"start":{"line":72,"column":0},"end":{"line":72,"column":27}},"72":{"start":{"line":73,"column":0},"end":{"line":73,"column":13}},"73":{"start":{"line":74,"column":0},"end":{"line":74,"column":2}},"74":{"start":{"line":75,"column":0},"end":{"line":75,"column":0}},"75":{"start":{"line":76,"column":0},"end":{"line":76,"column":36}}},"s":{"0":1,"1":1,"2":1,"3":1,"4":1,"5":1,"6":1,"7":1,"8":1,"9":1,"10":1,"11":1,"12":1,"13":1,"14":1,"15":1,"16":1,"17":1,"18":1,"19":1,"20":1,"21":1,"22":1,"23":1,"24":1,"25":1,"26":1,"27":1,"28":1,"29":1,"30":1,"31":1,"32":1,"33":1,"34":1,"35":1,"36":1,"37":1,"38":1,"39":1,"40":1,"41":1,"42":1,"43":1,"44":1,"45":1,"46":1,"47":1,"48":1,"49":1,"50":1,"51":1,"52":1,"53":1,"54":1,"55":1,"56":1,"57":1,"58":1,"59":1,"60":1,"61":1,"62":1,"63":1,"64":1,"65":1,"66":1,"67":1,"68":1,"69":1,"70":1,"71":1,"72":8,"73":8,"74":1,"75":1},"branchMap":{"0":{"type":"branch","line":72,"loc":{"start":{"line":72,"column":22},"end":{"line":74,"column":2}},"locations":[{"start":{"line":72,"column":22},"end":{"line":74,"column":2}}]}},"b":{"0":[8]},"fnMap":{},"f":{}}
,"C:\\Users\\Cefalo\\Downloads\\Blog-Station\\backend\\controllers\\authController.js": {"path":"C:\\Users\\Cefalo\\Downloads\\Blog-Station\\backend\\controllers\\authController.js","all":false,"statementMap":{"0":{"start":{"line":1,"column":0},"end":{"line":1,"column":54}},"1":{"start":{"line":2,"column":0},"end":{"line":2,"column":56}},"2":{"start":{"line":3,"column":0},"end":{"line":3,"column":92}},"3":{"start":{"line":4,"column":0},"end":{"line":4,"column":64}},"4":{"start":{"line":5,"column":0},"end":{"line":5,"column":0}},"5":{"start":{"line":6,"column":0},"end":{"line":6,"column":15}},"6":{"start":{"line":7,"column":0},"end":{"line":7,"column":0}},"7":{"start":{"line":8,"column":0},"end":{"line":8,"column":46}},"8":{"start":{"line":9,"column":0},"end":{"line":9,"column":7}},"9":{"start":{"line":10,"column":0},"end":{"line":10,"column":39}},"10":{"start":{"line":11,"column":0},"end":{"line":11,"column":33}},"11":{"start":{"line":12,"column":0},"end":{"line":12,"column":39}},"12":{"start":{"line":13,"column":0},"end":{"line":13,"column":50}},"13":{"start":{"line":14,"column":0},"end":{"line":14,"column":0}},"14":{"start":{"line":15,"column":0},"end":{"line":15,"column":64}},"15":{"start":{"line":16,"column":0},"end":{"line":16,"column":0}},"16":{"start":{"line":17,"column":0},"end":{"line":17,"column":57}},"17":{"start":{"line":18,"column":0},"end":{"line":18,"column":57}},"18":{"start":{"line":19,"column":0},"end":{"line":19,"column":0}},"19":{"start":{"line":20,"column":0},"end":{"line":20,"column":26}},"20":{"start":{"line":21,"column":0},"end":{"line":21,"column":12}},"21":{"start":{"line":22,"column":0},"end":{"line":22,"column":12}},"22":{"start":{"line":23,"column":0},"end":{"line":23,"column":30}},"23":{"start":{"line":24,"column":0},"end":{"line":24,"column":30}},"24":{"start":{"line":25,"column":0},"end":{"line":25,"column":8}},"25":{"start":{"line":26,"column":0},"end":{"line":26,"column":4}},"26":{"start":{"line":27,"column":0},"end":{"line":27,"column":19}},"27":{"start":{"line":28,"column":0},"end":{"line":28,"column":16}},"28":{"start":{"line":29,"column":0},"end":{"line":29,"column":3}},"29":{"start":{"line":30,"column":0},"end":{"line":30,"column":2}},"30":{"start":{"line":31,"column":0},"end":{"line":31,"column":0}},"31":{"start":{"line":32,"column":0},"end":{"line":32,"column":43}},"32":{"start":{"line":33,"column":0},"end":{"line":33,"column":7}},"33":{"start":{"line":34,"column":0},"end":{"line":34,"column":39}},"34":{"start":{"line":35,"column":0},"end":{"line":35,"column":39}},"35":{"start":{"line":36,"column":0},"end":{"line":36,"column":44}},"36":{"start":{"line":37,"column":0},"end":{"line":37,"column":0}},"37":{"start":{"line":38,"column":0},"end":{"line":38,"column":59}},"38":{"start":{"line":39,"column":0},"end":{"line":39,"column":2}},"39":{"start":{"line":40,"column":0},"end":{"line":40,"column":55}},"40":{"start":{"line":41,"column":0},"end":{"line":41,"column":57}},"41":{"start":{"line":42,"column":0},"end":{"line":42,"column":79}},"42":{"start":{"line":43,"column":0},"end":{"line":43,"column":4}},"43":{"start":{"line":44,"column":0},"end":{"line":44,"column":19}},"44":{"start":{"line":45,"column":0},"end":{"line":45,"column":16}},"45":{"start":{"line":46,"column":0},"end":{"line":46,"column":3}},"46":{"start":{"line":47,"column":0},"end":{"line":47,"column":2}}},"s":{"0":1,"1":1,"2":1,"3":1,"4":1,"5":1,"6":1,"7":1,"8":2,"9":2,"10":2,"11":2,"12":2,"13":2,"14":2,"15":1,"16":1,"17":1,"18":1,"19":1,"20":1,"21":1,"22":1,"23":1,"24":1,"25":1,"26":1,"27":1,"28":1,"29":2,"30":1,"31":1,"32":4,"33":4,"34":4,"35":4,"36":4,"37":4,"38":1,"39":1,"40":1,"41":1,"42":1,"43":4,"44":3,"45":3,"46":4},"branchMap":{"0":{"type":"branch","line":8,"loc":{"start":{"line":8,"column":19},"end":{"line":30,"column":2}},"locations":[{"start":{"line":8,"column":19},"end":{"line":30,"column":2}}]},"1":{"type":"branch","line":15,"loc":{"start":{"line":15,"column":63},"end":{"line":29,"column":3}},"locations":[{"start":{"line":15,"column":63},"end":{"line":29,"column":3}}]},"2":{"type":"branch","line":32,"loc":{"start":{"line":32,"column":16},"end":{"line":47,"column":2}},"locations":[{"start":{"line":32,"column":16},"end":{"line":47,"column":2}}]},"3":{"type":"branch","line":38,"loc":{"start":{"line":38,"column":58},"end":{"line":44,"column":4}},"locations":[{"start":{"line":38,"column":58},"end":{"line":44,"column":4}}]},"4":{"type":"branch","line":44,"loc":{"start":{"line":44,"column":4},"end":{"line":46,"column":3}},"locations":[{"start":{"line":44,"column":4},"end":{"line":46,"column":3}}]}},"b":{"0":[2],"1":[1],"2":[4],"3":[1],"4":[3]},"fnMap":{"0":{"name":"Object.<anonymous>.exports.register","decl":{"start":{"line":8,"column":19},"end":{"line":30,"column":2}},"loc":{"start":{"line":8,"column":19},"end":{"line":30,"column":2}},"line":8},"1":{"name":"Object.<anonymous>.exports.login","decl":{"start":{"line":32,"column":16},"end":{"line":47,"column":2}},"loc":{"start":{"line":32,"column":16},"end":{"line":47,"column":2}},"line":32}},"f":{"0":2,"1":4}}
,"C:\\Users\\Cefalo\\Downloads\\Blog-Station\\backend\\controllers\\blogController.js": {"path":"C:\\Users\\Cefalo\\Downloads\\Blog-Station\\backend\\controllers\\blogController.js","all":false,"statementMap":{"0":{"start":{"line":1,"column":0},"end":{"line":1,"column":54}},"1":{"start":{"line":2,"column":0},"end":{"line":2,"column":64}},"2":{"start":{"line":3,"column":0},"end":{"line":3,"column":61}},"3":{"start":{"line":4,"column":0},"end":{"line":4,"column":52}},"4":{"start":{"line":5,"column":0},"end":{"line":5,"column":0}},"5":{"start":{"line":6,"column":0},"end":{"line":6,"column":15}},"6":{"start":{"line":7,"column":0},"end":{"line":7,"column":0}},"7":{"start":{"line":8,"column":0},"end":{"line":8,"column":49}},"8":{"start":{"line":9,"column":0},"end":{"line":9,"column":7}},"9":{"start":{"line":10,"column":0},"end":{"line":10,"column":4}},"10":{"start":{"line":11,"column":0},"end":{"line":11,"column":77}},"11":{"start":{"line":12,"column":0},"end":{"line":12,"column":66}},"12":{"start":{"line":13,"column":0},"end":{"line":13,"column":69}},"13":{"start":{"line":14,"column":0},"end":{"line":14,"column":19}},"14":{"start":{"line":15,"column":0},"end":{"line":15,"column":16}},"15":{"start":{"line":16,"column":0},"end":{"line":16,"column":3}},"16":{"start":{"line":17,"column":0},"end":{"line":17,"column":2}},"17":{"start":{"line":18,"column":0},"end":{"line":18,"column":0}},"18":{"start":{"line":19,"column":0},"end":{"line":19,"column":49}},"19":{"start":{"line":20,"column":0},"end":{"line":20,"column":7}},"20":{"start":{"line":21,"column":0},"end":{"line":21,"column":69}},"21":{"start":{"line":22,"column":0},"end":{"line":22,"column":67}},"22":{"start":{"line":23,"column":0},"end":{"line":23,"column":19}},"23":{"start":{"line":24,"column":0},"end":{"line":24,"column":16}},"24":{"start":{"line":25,"column":0},"end":{"line":25,"column":3}},"25":{"start":{"line":26,"column":0},"end":{"line":26,"column":2}},"26":{"start":{"line":27,"column":0},"end":{"line":27,"column":0}},"27":{"start":{"line":28,"column":0},"end":{"line":28,"column":48}},"28":{"start":{"line":29,"column":0},"end":{"line":29,"column":7}},"29":{"start":{"line":30,"column":0},"end":{"line":30,"column":33}},"30":{"start":{"line":31,"column":0},"end":{"line":31,"column":45}},"31":{"start":{"line":32,"column":0},"end":{"line":32,"column":0}},"32":{"start":{"line":33,"column":0},"end":{"line":33,"column":39}},"33":{"start":{"line":34,"column":0},"end":{"line":34,"column":0}},"34":{"start":{"line":35,"column":0},"end":{"line":35,"column":73}},"35":{"start":{"line":36,"column":0},"end":{"line":36,"column":75}},"36":{"start":{"line":37,"column":0},"end":{"line":37,"column":19}},"37":{"start":{"line":38,"column":0},"end":{"line":38,"column":16}},"38":{"start":{"line":39,"column":0},"end":{"line":39,"column":3}},"39":{"start":{"line":40,"column":0},"end":{"line":40,"column":2}},"40":{"start":{"line":41,"column":0},"end":{"line":41,"column":0}},"41":{"start":{"line":42,"column":0},"end":{"line":42,"column":48}},"42":{"start":{"line":43,"column":0},"end":{"line":43,"column":7}},"43":{"start":{"line":44,"column":0},"end":{"line":44,"column":37}},"44":{"start":{"line":45,"column":0},"end":{"line":45,"column":33}},"45":{"start":{"line":46,"column":0},"end":{"line":46,"column":45}},"46":{"start":{"line":47,"column":0},"end":{"line":47,"column":0}},"47":{"start":{"line":48,"column":0},"end":{"line":48,"column":93}},"48":{"start":{"line":49,"column":0},"end":{"line":49,"column":4}},"49":{"start":{"line":50,"column":0},"end":{"line":50,"column":40}},"50":{"start":{"line":51,"column":0},"end":{"line":51,"column":0}},"51":{"start":{"line":52,"column":0},"end":{"line":52,"column":53}},"52":{"start":{"line":53,"column":0},"end":{"line":53,"column":13}},"53":{"start":{"line":54,"column":0},"end":{"line":54,"column":12}},"54":{"start":{"line":55,"column":0},"end":{"line":55,"column":17}},"55":{"start":{"line":56,"column":0},"end":{"line":56,"column":6}},"56":{"start":{"line":57,"column":0},"end":{"line":57,"column":75}},"57":{"start":{"line":58,"column":0},"end":{"line":58,"column":19}},"58":{"start":{"line":59,"column":0},"end":{"line":59,"column":16}},"59":{"start":{"line":60,"column":0},"end":{"line":60,"column":3}},"60":{"start":{"line":61,"column":0},"end":{"line":61,"column":2}},"61":{"start":{"line":62,"column":0},"end":{"line":62,"column":0}},"62":{"start":{"line":63,"column":0},"end":{"line":63,"column":48}},"63":{"start":{"line":64,"column":0},"end":{"line":64,"column":7}},"64":{"start":{"line":65,"column":0},"end":{"line":65,"column":37}},"65":{"start":{"line":66,"column":0},"end":{"line":66,"column":93}},"66":{"start":{"line":67,"column":0},"end":{"line":67,"column":0}},"67":{"start":{"line":68,"column":0},"end":{"line":68,"column":61}},"68":{"start":{"line":69,"column":0},"end":{"line":69,"column":75}},"69":{"start":{"line":70,"column":0},"end":{"line":70,"column":19}},"70":{"start":{"line":71,"column":0},"end":{"line":71,"column":16}},"71":{"start":{"line":72,"column":0},"end":{"line":72,"column":3}},"72":{"start":{"line":73,"column":0},"end":{"line":73,"column":2}}},"s":{"0":1,"1":1,"2":1,"3":1,"4":1,"5":1,"6":1,"7":1,"8":2,"9":2,"10":2,"11":2,"12":1,"13":1,"14":1,"15":1,"16":2,"17":1,"18":1,"19":2,"20":2,"21":1,"22":1,"23":1,"24":1,"25":2,"26":1,"27":1,"28":3,"29":3,"30":3,"31":3,"32":3,"33":3,"34":3,"35":1,"36":3,"37":2,"38":2,"39":3,"40":1,"41":1,"42":3,"43":3,"44":3,"45":3,"46":3,"47":3,"48":2,"49":2,"50":2,"51":2,"52":2,"53":2,"54":2,"55":2,"56":1,"57":3,"58":2,"59":2,"60":3,"61":1,"62":1,"63":2,"64":2,"65":2,"66":1,"67":1,"68":1,"69":1,"70":1,"71":1,"72":2},"branchMap":{"0":{"type":"branch","line":8,"loc":{"start":{"line":8,"column":22},"end":{"line":17,"column":2}},"locations":[{"start":{"line":8,"column":22},"end":{"line":17,"column":2}}]},"1":{"type":"branch","line":12,"loc":{"start":{"line":12,"column":65},"end":{"line":16,"column":3}},"locations":[{"start":{"line":12,"column":65},"end":{"line":16,"column":3}}]},"2":{"type":"branch","line":19,"loc":{"start":{"line":19,"column":22},"end":{"line":26,"column":2}},"locations":[{"start":{"line":19,"column":22},"end":{"line":26,"column":2}}]},"3":{"type":"branch","line":21,"loc":{"start":{"line":21,"column":68},"end":{"line":25,"column":3}},"locations":[{"start":{"line":21,"column":68},"end":{"line":25,"column":3}}]},"4":{"type":"branch","line":28,"loc":{"start":{"line":28,"column":21},"end":{"line":40,"column":2}},"locations":[{"start":{"line":28,"column":21},"end":{"line":40,"column":2}}]},"5":{"type":"branch","line":35,"loc":{"start":{"line":35,"column":72},"end":{"line":37,"column":4}},"locations":[{"start":{"line":35,"column":72},"end":{"line":37,"column":4}}]},"6":{"type":"branch","line":37,"loc":{"start":{"line":37,"column":4},"end":{"line":39,"column":3}},"locations":[{"start":{"line":37,"column":4},"end":{"line":39,"column":3}}]},"7":{"type":"branch","line":42,"loc":{"start":{"line":42,"column":21},"end":{"line":61,"column":2}},"locations":[{"start":{"line":42,"column":21},"end":{"line":61,"column":2}}]},"8":{"type":"branch","line":48,"loc":{"start":{"line":48,"column":16},"end":{"line":48,"column":93}},"locations":[{"start":{"line":48,"column":16},"end":{"line":48,"column":93}}]},"9":{"type":"branch","line":48,"loc":{"start":{"line":48,"column":92},"end":{"line":56,"column":6}},"locations":[{"start":{"line":48,"column":92},"end":{"line":56,"column":6}}]},"10":{"type":"branch","line":56,"loc":{"start":{"line":56,"column":5},"end":{"line":58,"column":4}},"locations":[{"start":{"line":56,"column":5},"end":{"line":58,"column":4}}]},"11":{"type":"branch","line":58,"loc":{"start":{"line":58,"column":4},"end":{"line":60,"column":3}},"locations":[{"start":{"line":58,"column":4},"end":{"line":60,"column":3}}]},"12":{"type":"branch","line":63,"loc":{"start":{"line":63,"column":21},"end":{"line":73,"column":2}},"locations":[{"start":{"line":63,"column":21},"end":{"line":73,"column":2}}]},"13":{"type":"branch","line":66,"loc":{"start":{"line":66,"column":16},"end":{"line":72,"column":3}},"locations":[{"start":{"line":66,"column":16},"end":{"line":72,"column":3}}]}},"b":{"0":[2],"1":[1],"2":[2],"3":[1],"4":[3],"5":[1],"6":[2],"7":[3],"8":[1],"9":[2],"10":[1],"11":[2],"12":[2],"13":[1]},"fnMap":{"0":{"name":"Object.<anonymous>.exports.getAllBlogs","decl":{"start":{"line":8,"column":22},"end":{"line":17,"column":2}},"loc":{"start":{"line":8,"column":22},"end":{"line":17,"column":2}},"line":8},"1":{"name":"Object.<anonymous>.exports.getBlogById","decl":{"start":{"line":19,"column":22},"end":{"line":26,"column":2}},"loc":{"start":{"line":19,"column":22},"end":{"line":26,"column":2}},"line":19},"2":{"name":"Object.<anonymous>.exports.createBlog","decl":{"start":{"line":28,"column":21},"end":{"line":40,"column":2}},"loc":{"start":{"line":28,"column":21},"end":{"line":40,"column":2}},"line":28},"3":{"name":"Object.<anonymous>.exports.updateBlog","decl":{"start":{"line":42,"column":21},"end":{"line":61,"column":2}},"loc":{"start":{"line":42,"column":21},"end":{"line":61,"column":2}},"line":42},"4":{"name":"Object.<anonymous>.exports.deleteBlog","decl":{"start":{"line":63,"column":21},"end":{"line":73,"column":2}},"loc":{"start":{"line":63,"column":21},"end":{"line":73,"column":2}},"line":63}},"f":{"0":2,"1":2,"2":3,"3":3,"4":2}}
,"C:\\Users\\Cefalo\\Downloads\\Blog-Station\\backend\\controllers\\userController.js": {"path":"C:\\Users\\Cefalo\\Downloads\\Blog-Station\\backend\\controllers\\userController.js","all":false,"statementMap":{"0":{"start":{"line":1,"column":0},"end":{"line":1,"column":54}},"1":{"start":{"line":2,"column":0},"end":{"line":2,"column":64}},"2":{"start":{"line":3,"column":0},"end":{"line":3,"column":52}},"3":{"start":{"line":4,"column":0},"end":{"line":4,"column":72}},"4":{"start":{"line":5,"column":0},"end":{"line":5,"column":0}},"5":{"start":{"line":6,"column":0},"end":{"line":6,"column":15}},"6":{"start":{"line":7,"column":0},"end":{"line":7,"column":0}},"7":{"start":{"line":8,"column":0},"end":{"line":8,"column":49}},"8":{"start":{"line":9,"column":0},"end":{"line":9,"column":7}},"9":{"start":{"line":10,"column":0},"end":{"line":10,"column":77}},"10":{"start":{"line":11,"column":0},"end":{"line":11,"column":66}},"11":{"start":{"line":12,"column":0},"end":{"line":12,"column":69}},"12":{"start":{"line":13,"column":0},"end":{"line":13,"column":19}},"13":{"start":{"line":14,"column":0},"end":{"line":14,"column":16}},"14":{"start":{"line":15,"column":0},"end":{"line":15,"column":3}},"15":{"start":{"line":16,"column":0},"end":{"line":16,"column":2}},"16":{"start":{"line":17,"column":0},"end":{"line":17,"column":0}},"17":{"start":{"line":18,"column":0},"end":{"line":18,"column":55}},"18":{"start":{"line":19,"column":0},"end":{"line":19,"column":7}},"19":{"start":{"line":20,"column":0},"end":{"line":20,"column":80}},"20":{"start":{"line":21,"column":0},"end":{"line":21,"column":67}},"21":{"start":{"line":22,"column":0},"end":{"line":22,"column":19}},"22":{"start":{"line":23,"column":0},"end":{"line":23,"column":16}},"23":{"start":{"line":24,"column":0},"end":{"line":24,"column":3}},"24":{"start":{"line":25,"column":0},"end":{"line":25,"column":2}},"25":{"start":{"line":26,"column":0},"end":{"line":26,"column":0}},"26":{"start":{"line":27,"column":0},"end":{"line":27,"column":48}},"27":{"start":{"line":28,"column":0},"end":{"line":28,"column":7}},"28":{"start":{"line":29,"column":0},"end":{"line":29,"column":41}},"29":{"start":{"line":30,"column":0},"end":{"line":30,"column":39}},"30":{"start":{"line":31,"column":0},"end":{"line":31,"column":0}},"31":{"start":{"line":32,"column":0},"end":{"line":32,"column":107}},"32":{"start":{"line":33,"column":0},"end":{"line":33,"column":0}},"33":{"start":{"line":34,"column":0},"end":{"line":34,"column":35}},"34":{"start":{"line":35,"column":0},"end":{"line":35,"column":0}},"35":{"start":{"line":36,"column":0},"end":{"line":36,"column":73}},"36":{"start":{"line":37,"column":0},"end":{"line":37,"column":75}},"37":{"start":{"line":38,"column":0},"end":{"line":38,"column":19}},"38":{"start":{"line":39,"column":0},"end":{"line":39,"column":16}},"39":{"start":{"line":40,"column":0},"end":{"line":40,"column":3}},"40":{"start":{"line":41,"column":0},"end":{"line":41,"column":2}},"41":{"start":{"line":42,"column":0},"end":{"line":42,"column":0}},"42":{"start":{"line":43,"column":0},"end":{"line":43,"column":48}},"43":{"start":{"line":44,"column":0},"end":{"line":44,"column":7}},"44":{"start":{"line":45,"column":0},"end":{"line":45,"column":118}},"45":{"start":{"line":46,"column":0},"end":{"line":46,"column":0}},"46":{"start":{"line":47,"column":0},"end":{"line":47,"column":55}},"47":{"start":{"line":48,"column":0},"end":{"line":48,"column":0}},"48":{"start":{"line":49,"column":0},"end":{"line":49,"column":63}},"49":{"start":{"line":50,"column":0},"end":{"line":50,"column":75}},"50":{"start":{"line":51,"column":0},"end":{"line":51,"column":19}},"51":{"start":{"line":52,"column":0},"end":{"line":52,"column":16}},"52":{"start":{"line":53,"column":0},"end":{"line":53,"column":3}},"53":{"start":{"line":54,"column":0},"end":{"line":54,"column":2}}},"s":{"0":1,"1":1,"2":1,"3":1,"4":1,"5":1,"6":1,"7":1,"8":2,"9":2,"10":2,"11":1,"12":1,"13":1,"14":1,"15":2,"16":1,"17":1,"18":2,"19":2,"20":1,"21":1,"22":1,"23":1,"24":2,"25":1,"26":1,"27":3,"28":3,"29":3,"30":3,"31":3,"32":2,"33":2,"34":2,"35":2,"36":1,"37":3,"38":2,"39":2,"40":3,"41":1,"42":1,"43":2,"44":2,"45":1,"46":1,"47":1,"48":1,"49":1,"50":1,"51":1,"52":1,"53":2},"branchMap":{"0":{"type":"branch","line":8,"loc":{"start":{"line":8,"column":22},"end":{"line":16,"column":2}},"locations":[{"start":{"line":8,"column":22},"end":{"line":16,"column":2}}]},"1":{"type":"branch","line":11,"loc":{"start":{"line":11,"column":65},"end":{"line":15,"column":3}},"locations":[{"start":{"line":11,"column":65},"end":{"line":15,"column":3}}]},"2":{"type":"branch","line":18,"loc":{"start":{"line":18,"column":28},"end":{"line":25,"column":2}},"locations":[{"start":{"line":18,"column":28},"end":{"line":25,"column":2}}]},"3":{"type":"branch","line":20,"loc":{"start":{"line":20,"column":79},"end":{"line":24,"column":3}},"locations":[{"start":{"line":20,"column":79},"end":{"line":24,"column":3}}]},"4":{"type":"branch","line":27,"loc":{"start":{"line":27,"column":21},"end":{"line":41,"column":2}},"locations":[{"start":{"line":27,"column":21},"end":{"line":41,"column":2}}]},"5":{"type":"branch","line":32,"loc":{"start":{"line":32,"column":18},"end":{"line":32,"column":107}},"locations":[{"start":{"line":32,"column":18},"end":{"line":32,"column":107}}]},"6":{"type":"branch","line":32,"loc":{"start":{"line":32,"column":106},"end":{"line":36,"column":73}},"locations":[{"start":{"line":32,"column":106},"end":{"line":36,"column":73}}]},"7":{"type":"branch","line":36,"loc":{"start":{"line":36,"column":72},"end":{"line":38,"column":4}},"locations":[{"start":{"line":36,"column":72},"end":{"line":38,"column":4}}]},"8":{"type":"branch","line":38,"loc":{"start":{"line":38,"column":4},"end":{"line":40,"column":3}},"locations":[{"start":{"line":38,"column":4},"end":{"line":40,"column":3}}]},"9":{"type":"branch","line":43,"loc":{"start":{"line":43,"column":21},"end":{"line":54,"column":2}},"locations":[{"start":{"line":43,"column":21},"end":{"line":54,"column":2}}]},"10":{"type":"branch","line":45,"loc":{"start":{"line":45,"column":29},"end":{"line":53,"column":3}},"locations":[{"start":{"line":45,"column":29},"end":{"line":53,"column":3}}]}},"b":{"0":[2],"1":[1],"2":[2],"3":[1],"4":[3],"5":[1],"6":[2],"7":[1],"8":[2],"9":[2],"10":[1]},"fnMap":{"0":{"name":"Object.<anonymous>.exports.getAllUsers","decl":{"start":{"line":8,"column":22},"end":{"line":16,"column":2}},"loc":{"start":{"line":8,"column":22},"end":{"line":16,"column":2}},"line":8},"1":{"name":"Object.<anonymous>.exports.getUserByUsername","decl":{"start":{"line":18,"column":28},"end":{"line":25,"column":2}},"loc":{"start":{"line":18,"column":28},"end":{"line":25,"column":2}},"line":18},"2":{"name":"Object.<anonymous>.exports.updateUser","decl":{"start":{"line":27,"column":21},"end":{"line":41,"column":2}},"loc":{"start":{"line":27,"column":21},"end":{"line":41,"column":2}},"line":27},"3":{"name":"Object.<anonymous>.exports.deleteUser","decl":{"start":{"line":43,"column":21},"end":{"line":54,"column":2}},"loc":{"start":{"line":43,"column":21},"end":{"line":54,"column":2}},"line":43}},"f":{"0":2,"1":2,"2":3,"3":2}}
,"C:\\Users\\Cefalo\\Downloads\\Blog-Station\\backend\\models\\blogModel.js": {"path":"C:\\Users\\Cefalo\\Downloads\\Blog-Station\\backend\\models\\blogModel.js","all":false,"statementMap":{"0":{"start":{"line":1,"column":0},"end":{"line":1,"column":42}},"1":{"start":{"line":2,"column":0},"end":{"line":2,"column":43}},"2":{"start":{"line":3,"column":0},"end":{"line":3,"column":0}},"3":{"start":{"line":4,"column":0},"end":{"line":4,"column":40}},"4":{"start":{"line":5,"column":0},"end":{"line":5,"column":7}},"5":{"start":{"line":6,"column":0},"end":{"line":6,"column":25}},"6":{"start":{"line":7,"column":0},"end":{"line":7,"column":35}},"7":{"start":{"line":8,"column":0},"end":{"line":8,"column":19}},"8":{"start":{"line":9,"column":0},"end":{"line":9,"column":21}},"9":{"start":{"line":10,"column":0},"end":{"line":10,"column":21}},"10":{"start":{"line":11,"column":0},"end":{"line":11,"column":15}},"11":{"start":{"line":12,"column":0},"end":{"line":12,"column":21}},"12":{"start":{"line":13,"column":0},"end":{"line":13,"column":6}},"13":{"start":{"line":14,"column":0},"end":{"line":14,"column":4}},"14":{"start":{"line":15,"column":0},"end":{"line":15,"column":0}},"15":{"start":{"line":16,"column":0},"end":{"line":16,"column":10}},"16":{"start":{"line":17,"column":0},"end":{"line":17,"column":27}},"17":{"start":{"line":18,"column":0},"end":{"line":18,"column":19}},"18":{"start":{"line":19,"column":0},"end":{"line":19,"column":21}},"19":{"start":{"line":20,"column":0},"end":{"line":20,"column":15}},"20":{"start":{"line":21,"column":0},"end":{"line":21,"column":16}},"21":{"start":{"line":22,"column":0},"end":{"line":22,"column":37}},"22":{"start":{"line":23,"column":0},"end":{"line":23,"column":8}},"23":{"start":{"line":24,"column":0},"end":{"line":24,"column":6}},"24":{"start":{"line":25,"column":0},"end":{"line":25,"column":4}},"25":{"start":{"line":26,"column":0},"end":{"line":26,"column":16}},"26":{"start":{"line":27,"column":0},"end":{"line":27,"column":27}},"27":{"start":{"line":28,"column":0},"end":{"line":28,"column":21}},"28":{"start":{"line":29,"column":0},"end":{"line":29,"column":15}},"29":{"start":{"line":30,"column":0},"end":{"line":30,"column":16}},"30":{"start":{"line":31,"column":0},"end":{"line":31,"column":54}},"31":{"start":{"line":32,"column":0},"end":{"line":32,"column":8}},"32":{"start":{"line":33,"column":0},"end":{"line":33,"column":6}},"33":{"start":{"line":34,"column":0},"end":{"line":34,"column":4}},"34":{"start":{"line":35,"column":0},"end":{"line":35,"column":3}},"35":{"start":{"line":36,"column":0},"end":{"line":36,"column":0}},"36":{"start":{"line":37,"column":0},"end":{"line":37,"column":0}},"37":{"start":{"line":38,"column":0},"end":{"line":38,"column":22}}},"s":{"0":1,"1":1,"2":1,"3":1,"4":1,"5":1,"6":1,"7":1,"8":1,"9":1,"10":1,"11":1,"12":1,"13":1,"14":1,"15":1,"16":1,"17":1,"18":1,"19":1,"20":1,"21":1,"22":1,"23":1,"24":1,"25":1,"26":1,"27":1,"28":1,"29":1,"30":1,"31":1,"32":1,"33":1,"34":1,"35":1,"36":1,"37":1},"branchMap":{},"b":{},"fnMap":{},"f":{}}
,"C:\\Users\\Cefalo\\Downloads\\Blog-Station\\backend\\models\\index.js": {"path":"C:\\Users\\Cefalo\\Downloads\\Blog-Station\\backend\\models\\index.js","all":false,"statementMap":{"0":{"start":{"line":1,"column":0},"end":{"line":1,"column":36}},"1":{"start":{"line":2,"column":0},"end":{"line":2,"column":36}},"2":{"start":{"line":3,"column":0},"end":{"line":3,"column":42}},"3":{"start":{"line":4,"column":0},"end":{"line":4,"column":0}},"4":{"start":{"line":5,"column":0},"end":{"line":5,"column":20}},"5":{"start":{"line":6,"column":0},"end":{"line":6,"column":25}},"6":{"start":{"line":7,"column":0},"end":{"line":7,"column":22}},"7":{"start":{"line":8,"column":0},"end":{"line":8,"column":14}},"8":{"start":{"line":9,"column":0},"end":{"line":9,"column":3}},"9":{"start":{"line":10,"column":0},"end":{"line":10,"column":0}},"10":{"start":{"line":11,"column":0},"end":{"line":11,"column":40}},"11":{"start":{"line":12,"column":0},"end":{"line":12,"column":25}},"12":{"start":{"line":13,"column":0},"end":{"line":13,"column":3}},"13":{"start":{"line":14,"column":0},"end":{"line":14,"column":0}},"14":{"start":{"line":15,"column":0},"end":{"line":15,"column":0}},"15":{"start":{"line":16,"column":0},"end":{"line":16,"column":26}},"16":{"start":{"line":17,"column":0},"end":{"line":17,"column":41}},"17":{"start":{"line":18,"column":0},"end":{"line":18,"column":2}},"18":{"start":{"line":19,"column":0},"end":{"line":19,"column":7}},"19":{"start":{"line":20,"column":0},"end":{"line":20,"column":0}},"20":{"start":{"line":21,"column":0},"end":{"line":21,"column":20}},"21":{"start":{"line":22,"column":0},"end":{"line":22,"column":13}},"22":{"start":{"line":23,"column":0},"end":{"line":23,"column":3}}},"s":{"0":1,"1":1,"2":1,"3":1,"4":1,"5":1,"6":1,"7":1,"8":1,"9":1,"10":1,"11":1,"12":1,"13":1,"14":1,"15":1,"16":8,"17":0,"18":1,"19":1,"20":1,"21":1,"22":1},"branchMap":{"0":{"type":"branch","line":16,"loc":{"start":{"line":16,"column":13},"end":{"line":18,"column":2}},"locations":[{"start":{"line":16,"column":13},"end":{"line":18,"column":2}}]},"1":{"type":"branch","line":17,"loc":{"start":{"line":17,"column":40},"end":{"line":18,"column":2}},"locations":[{"start":{"line":17,"column":40},"end":{"line":18,"column":2}}]}},"b":{"0":[8],"1":[0]},"fnMap":{"0":{"name":"test","decl":{"start":{"line":16,"column":13},"end":{"line":18,"column":2}},"loc":{"start":{"line":16,"column":13},"end":{"line":18,"column":2}},"line":16}},"f":{"0":8}}
,"C:\\Users\\Cefalo\\Downloads\\Blog-Station\\backend\\models\\userModel.js": {"path":"C:\\Users\\Cefalo\\Downloads\\Blog-Station\\backend\\models\\userModel.js","all":false,"statementMap":{"0":{"start":{"line":1,"column":0},"end":{"line":1,"column":42}},"1":{"start":{"line":2,"column":0},"end":{"line":2,"column":43}},"2":{"start":{"line":3,"column":0},"end":{"line":3,"column":0}},"3":{"start":{"line":4,"column":0},"end":{"line":4,"column":40}},"4":{"start":{"line":5,"column":0},"end":{"line":5,"column":7}},"5":{"start":{"line":6,"column":0},"end":{"line":6,"column":25}},"6":{"start":{"line":7,"column":0},"end":{"line":7,"column":35}},"7":{"start":{"line":8,"column":0},"end":{"line":8,"column":19}},"8":{"start":{"line":9,"column":0},"end":{"line":9,"column":21}},"9":{"start":{"line":10,"column":0},"end":{"line":10,"column":21}},"10":{"start":{"line":11,"column":0},"end":{"line":11,"column":15}},"11":{"start":{"line":12,"column":0},"end":{"line":12,"column":21}},"12":{"start":{"line":13,"column":0},"end":{"line":13,"column":6}},"13":{"start":{"line":14,"column":0},"end":{"line":14,"column":4}},"14":{"start":{"line":15,"column":0},"end":{"line":15,"column":0}},"15":{"start":{"line":16,"column":0},"end":{"line":16,"column":13}},"16":{"start":{"line":17,"column":0},"end":{"line":17,"column":27}},"17":{"start":{"line":18,"column":0},"end":{"line":18,"column":19}},"18":{"start":{"line":19,"column":0},"end":{"line":19,"column":21}},"19":{"start":{"line":20,"column":0},"end":{"line":20,"column":17}},"20":{"start":{"line":21,"column":0},"end":{"line":21,"column":15}},"21":{"start":{"line":22,"column":0},"end":{"line":22,"column":16}},"22":{"start":{"line":23,"column":0},"end":{"line":23,"column":44}},"23":{"start":{"line":24,"column":0},"end":{"line":24,"column":8}},"24":{"start":{"line":25,"column":0},"end":{"line":25,"column":23}},"25":{"start":{"line":26,"column":0},"end":{"line":26,"column":59}},"26":{"start":{"line":27,"column":0},"end":{"line":27,"column":8}},"27":{"start":{"line":28,"column":0},"end":{"line":28,"column":6}},"28":{"start":{"line":29,"column":0},"end":{"line":29,"column":4}},"29":{"start":{"line":30,"column":0},"end":{"line":30,"column":10}},"30":{"start":{"line":31,"column":0},"end":{"line":31,"column":27}},"31":{"start":{"line":32,"column":0},"end":{"line":32,"column":21}},"32":{"start":{"line":33,"column":0},"end":{"line":33,"column":17}},"33":{"start":{"line":34,"column":0},"end":{"line":34,"column":15}},"34":{"start":{"line":35,"column":0},"end":{"line":35,"column":16}},"35":{"start":{"line":36,"column":0},"end":{"line":36,"column":44}},"36":{"start":{"line":37,"column":0},"end":{"line":37,"column":8}},"37":{"start":{"line":38,"column":0},"end":{"line":38,"column":16}},"38":{"start":{"line":39,"column":0},"end":{"line":39,"column":36}},"39":{"start":{"line":40,"column":0},"end":{"line":40,"column":8}},"40":{"start":{"line":41,"column":0},"end":{"line":41,"column":6}},"41":{"start":{"line":42,"column":0},"end":{"line":42,"column":4}},"42":{"start":{"line":43,"column":0},"end":{"line":43,"column":13}},"43":{"start":{"line":44,"column":0},"end":{"line":44,"column":27}},"44":{"start":{"line":45,"column":0},"end":{"line":45,"column":21}},"45":{"start":{"line":46,"column":0},"end":{"line":46,"column":15}},"46":{"start":{"line":47,"column":0},"end":{"line":47,"column":16}},"47":{"start":{"line":48,"column":0},"end":{"line":48,"column":44}},"48":{"start":{"line":49,"column":0},"end":{"line":49,"column":8}},"49":{"start":{"line":50,"column":0},"end":{"line":50,"column":6}},"50":{"start":{"line":51,"column":0},"end":{"line":51,"column":4}},"51":{"start":{"line":52,"column":0},"end":{"line":52,"column":3}},"52":{"start":{"line":53,"column":0},"end":{"line":53,"column":0}},"53":{"start":{"line":54,"column":0},"end":{"line":54,"column":0}},"54":{"start":{"line":55,"column":0},"end":{"line":55,"column":22}}},"s":{"0":1,"1":1,"2":1,"3":1,"4":1,"5":1,"6":1,"7":1,"8":1,"9":1,"10":1,"11":1,"12":1,"13":1,"14":1,"15":1,"16":1,"17":1,"18":1,"19":1,"20":1,"21":1,"22":1,"23":1,"24":1,"25":1,"26":1,"27":1,"28":1,"29":1,"30":1,"31":1,"32":1,"33":1,"34":1,"35":1,"36":1,"37":1,"38":1,"39":1,"40":1,"41":1,"42":1,"43":1,"44":1,"45":1,"46":1,"47":1,"48":1,"49":1,"50":1,"51":1,"52":1,"53":1,"54":1},"branchMap":{},"b":{},"fnMap":{},"f":{}}
,"C:\\Users\\Cefalo\\Downloads\\Blog-Station\\backend\\repository\\blogRepo.js": {"path":"C:\\Users\\Cefalo\\Downloads\\Blog-Station\\backend\\repository\\blogRepo.js","all":false,"statementMap":{"0":{"start":{"line":1,"column":0},"end":{"line":1,"column":42}},"1":{"start":{"line":2,"column":0},"end":{"line":2,"column":0}},"2":{"start":{"line":3,"column":0},"end":{"line":3,"column":15}},"3":{"start":{"line":4,"column":0},"end":{"line":4,"column":0}},"4":{"start":{"line":5,"column":0},"end":{"line":5,"column":48}},"5":{"start":{"line":6,"column":0},"end":{"line":6,"column":39}},"6":{"start":{"line":7,"column":0},"end":{"line":7,"column":25}},"7":{"start":{"line":8,"column":0},"end":{"line":8,"column":11}},"8":{"start":{"line":9,"column":0},"end":{"line":9,"column":9}},"9":{"start":{"line":10,"column":0},"end":{"line":10,"column":5}},"10":{"start":{"line":11,"column":0},"end":{"line":11,"column":18}},"11":{"start":{"line":12,"column":0},"end":{"line":12,"column":2}},"12":{"start":{"line":13,"column":0},"end":{"line":13,"column":0}},"13":{"start":{"line":14,"column":0},"end":{"line":14,"column":41}},"14":{"start":{"line":15,"column":0},"end":{"line":15,"column":42}},"15":{"start":{"line":16,"column":0},"end":{"line":16,"column":25}},"16":{"start":{"line":17,"column":0},"end":{"line":17,"column":12}},"17":{"start":{"line":18,"column":0},"end":{"line":18,"column":17}},"18":{"start":{"line":19,"column":0},"end":{"line":19,"column":6}},"19":{"start":{"line":20,"column":0},"end":{"line":20,"column":5}},"20":{"start":{"line":21,"column":0},"end":{"line":21,"column":21}},"21":{"start":{"line":22,"column":0},"end":{"line":22,"column":2}},"22":{"start":{"line":23,"column":0},"end":{"line":23,"column":0}},"23":{"start":{"line":24,"column":0},"end":{"line":24,"column":52}},"24":{"start":{"line":25,"column":0},"end":{"line":25,"column":43}},"25":{"start":{"line":26,"column":0},"end":{"line":26,"column":24}},"26":{"start":{"line":27,"column":0},"end":{"line":27,"column":7}},"27":{"start":{"line":28,"column":0},"end":{"line":28,"column":23}},"28":{"start":{"line":29,"column":0},"end":{"line":29,"column":2}},"29":{"start":{"line":30,"column":0},"end":{"line":30,"column":0}},"30":{"start":{"line":31,"column":0},"end":{"line":31,"column":60}},"31":{"start":{"line":32,"column":0},"end":{"line":32,"column":35}},"32":{"start":{"line":33,"column":0},"end":{"line":33,"column":27}},"33":{"start":{"line":34,"column":0},"end":{"line":34,"column":29}},"34":{"start":{"line":35,"column":0},"end":{"line":35,"column":4}},"35":{"start":{"line":36,"column":0},"end":{"line":36,"column":16}},"36":{"start":{"line":37,"column":0},"end":{"line":37,"column":2}},"37":{"start":{"line":38,"column":0},"end":{"line":38,"column":0}},"38":{"start":{"line":39,"column":0},"end":{"line":39,"column":40}},"39":{"start":{"line":40,"column":0},"end":{"line":40,"column":35}},"40":{"start":{"line":41,"column":0},"end":{"line":41,"column":12}},"41":{"start":{"line":42,"column":0},"end":{"line":42,"column":17}},"42":{"start":{"line":43,"column":0},"end":{"line":43,"column":6}},"43":{"start":{"line":44,"column":0},"end":{"line":44,"column":5}},"44":{"start":{"line":45,"column":0},"end":{"line":45,"column":14}},"45":{"start":{"line":46,"column":0},"end":{"line":46,"column":2}}},"s":{"0":1,"1":1,"2":1,"3":1,"4":1,"5":2,"6":2,"7":2,"8":2,"9":2,"10":1,"11":1,"12":1,"13":1,"14":2,"15":2,"16":2,"17":2,"18":2,"19":2,"20":1,"21":1,"22":1,"23":1,"24":2,"25":2,"26":2,"27":1,"28":1,"29":1,"30":1,"31":3,"32":3,"33":3,"34":3,"35":2,"36":2,"37":1,"38":1,"39":3,"40":3,"41":3,"42":3,"43":3,"44":2,"45":2},"branchMap":{"0":{"type":"branch","line":5,"loc":{"start":{"line":5,"column":22},"end":{"line":12,"column":2}},"locations":[{"start":{"line":5,"column":22},"end":{"line":12,"column":2}}]},"1":{"type":"branch","line":10,"loc":{"start":{"line":10,"column":4},"end":{"line":12,"column":2}},"locations":[{"start":{"line":10,"column":4},"end":{"line":12,"column":2}}]},"2":{"type":"branch","line":14,"loc":{"start":{"line":14,"column":22},"end":{"line":22,"column":2}},"locations":[{"start":{"line":14,"column":22},"end":{"line":22,"column":2}}]},"3":{"type":"branch","line":20,"loc":{"start":{"line":20,"column":4},"end":{"line":22,"column":2}},"locations":[{"start":{"line":20,"column":4},"end":{"line":22,"column":2}}]},"4":{"type":"branch","line":24,"loc":{"start":{"line":24,"column":21},"end":{"line":29,"column":2}},"locations":[{"start":{"line":24,"column":21},"end":{"line":29,"column":2}}]},"5":{"type":"branch","line":27,"loc":{"start":{"line":27,"column":6},"end":{"line":29,"column":2}},"locations":[{"start":{"line":27,"column":6},"end":{"line":29,"column":2}}]},"6":{"type":"branch","line":31,"loc":{"start":{"line":31,"column":21},"end":{"line":37,"column":2}},"locations":[{"start":{"line":31,"column":21},"end":{"line":37,"column":2}}]},"7":{"type":"branch","line":35,"loc":{"start":{"line":35,"column":3},"end":{"line":37,"column":2}},"locations":[{"start":{"line":35,"column":3},"end":{"line":37,"column":2}}]},"8":{"type":"branch","line":39,"loc":{"start":{"line":39,"column":21},"end":{"line":46,"column":2}},"locations":[{"start":{"line":39,"column":21},"end":{"line":46,"column":2}}]},"9":{"type":"branch","line":44,"loc":{"start":{"line":44,"column":4},"end":{"line":46,"column":2}},"locations":[{"start":{"line":44,"column":4},"end":{"line":46,"column":2}}]}},"b":{"0":[2],"1":[1],"2":[2],"3":[1],"4":[2],"5":[1],"6":[3],"7":[2],"8":[3],"9":[2]},"fnMap":{"0":{"name":"Object.<anonymous>.exports.getAllBlogs","decl":{"start":{"line":5,"column":22},"end":{"line":12,"column":2}},"loc":{"start":{"line":5,"column":22},"end":{"line":12,"column":2}},"line":5},"1":{"name":"Object.<anonymous>.exports.getBlogById","decl":{"start":{"line":14,"column":22},"end":{"line":22,"column":2}},"loc":{"start":{"line":14,"column":22},"end":{"line":22,"column":2}},"line":14},"2":{"name":"Object.<anonymous>.exports.createBlog","decl":{"start":{"line":24,"column":21},"end":{"line":29,"column":2}},"loc":{"start":{"line":24,"column":21},"end":{"line":29,"column":2}},"line":24},"3":{"name":"Object.<anonymous>.exports.updateBlog","decl":{"start":{"line":31,"column":21},"end":{"line":37,"column":2}},"loc":{"start":{"line":31,"column":21},"end":{"line":37,"column":2}},"line":31},"4":{"name":"Object.<anonymous>.exports.deleteBlog","decl":{"start":{"line":39,"column":21},"end":{"line":46,"column":2}},"loc":{"start":{"line":39,"column":21},"end":{"line":46,"column":2}},"line":39}},"f":{"0":2,"1":2,"2":2,"3":3,"4":3}}
,"C:\\Users\\Cefalo\\Downloads\\Blog-Station\\backend\\repository\\userRepo.js": {"path":"C:\\Users\\Cefalo\\Downloads\\Blog-Station\\backend\\repository\\userRepo.js","all":false,"statementMap":{"0":{"start":{"line":1,"column":0},"end":{"line":1,"column":42}},"1":{"start":{"line":2,"column":0},"end":{"line":2,"column":42}},"2":{"start":{"line":3,"column":0},"end":{"line":3,"column":0}},"3":{"start":{"line":4,"column":0},"end":{"line":4,"column":15}},"4":{"start":{"line":5,"column":0},"end":{"line":5,"column":0}},"5":{"start":{"line":6,"column":0},"end":{"line":6,"column":48}},"6":{"start":{"line":7,"column":0},"end":{"line":7,"column":35}},"7":{"start":{"line":8,"column":0},"end":{"line":8,"column":11}},"8":{"start":{"line":9,"column":0},"end":{"line":9,"column":10}},"9":{"start":{"line":10,"column":0},"end":{"line":10,"column":0}},"10":{"start":{"line":11,"column":0},"end":{"line":11,"column":5}},"11":{"start":{"line":12,"column":0},"end":{"line":12,"column":22}},"12":{"start":{"line":13,"column":0},"end":{"line":13,"column":29}},"13":{"start":{"line":14,"column":0},"end":{"line":14,"column":40}},"14":{"start":{"line":15,"column":0},"end":{"line":15,"column":5}},"15":{"start":{"line":16,"column":0},"end":{"line":16,"column":18}},"16":{"start":{"line":17,"column":0},"end":{"line":17,"column":2}},"17":{"start":{"line":18,"column":0},"end":{"line":18,"column":0}},"18":{"start":{"line":19,"column":0},"end":{"line":19,"column":49}},"19":{"start":{"line":20,"column":0},"end":{"line":20,"column":35}},"20":{"start":{"line":21,"column":0},"end":{"line":21,"column":12}},"21":{"start":{"line":22,"column":0},"end":{"line":22,"column":25}},"22":{"start":{"line":23,"column":0},"end":{"line":23,"column":6}},"23":{"start":{"line":24,"column":0},"end":{"line":24,"column":5}},"24":{"start":{"line":25,"column":0},"end":{"line":25,"column":14}},"25":{"start":{"line":26,"column":0},"end":{"line":26,"column":2}},"26":{"start":{"line":27,"column":0},"end":{"line":27,"column":0}},"27":{"start":{"line":28,"column":0},"end":{"line":28,"column":75}},"28":{"start":{"line":29,"column":0},"end":{"line":29,"column":34}},"29":{"start":{"line":30,"column":0},"end":{"line":30,"column":19}},"30":{"start":{"line":31,"column":0},"end":{"line":31,"column":25}},"31":{"start":{"line":32,"column":0},"end":{"line":32,"column":19}},"32":{"start":{"line":33,"column":0},"end":{"line":33,"column":31}},"33":{"start":{"line":34,"column":0},"end":{"line":34,"column":7}},"34":{"start":{"line":35,"column":0},"end":{"line":35,"column":16}},"35":{"start":{"line":36,"column":0},"end":{"line":36,"column":2}},"36":{"start":{"line":37,"column":0},"end":{"line":37,"column":0}},"37":{"start":{"line":38,"column":0},"end":{"line":38,"column":59}},"38":{"start":{"line":39,"column":0},"end":{"line":39,"column":35}},"39":{"start":{"line":40,"column":0},"end":{"line":40,"column":34}},"40":{"start":{"line":41,"column":0},"end":{"line":41,"column":37}},"41":{"start":{"line":42,"column":0},"end":{"line":42,"column":4}},"42":{"start":{"line":43,"column":0},"end":{"line":43,"column":16}},"43":{"start":{"line":44,"column":0},"end":{"line":44,"column":2}},"44":{"start":{"line":45,"column":0},"end":{"line":45,"column":0}},"45":{"start":{"line":46,"column":0},"end":{"line":46,"column":42}},"46":{"start":{"line":47,"column":0},"end":{"line":47,"column":35}},"47":{"start":{"line":48,"column":0},"end":{"line":48,"column":12}},"48":{"start":{"line":49,"column":0},"end":{"line":49,"column":25}},"49":{"start":{"line":50,"column":0},"end":{"line":50,"column":6}},"50":{"start":{"line":51,"column":0},"end":{"line":51,"column":5}},"51":{"start":{"line":52,"column":0},"end":{"line":52,"column":14}},"52":{"start":{"line":53,"column":0},"end":{"line":53,"column":2}},"53":{"start":{"line":54,"column":0},"end":{"line":54,"column":0}},"54":{"start":{"line":55,"column":0},"end":{"line":55,"column":39}},"55":{"start":{"line":56,"column":0},"end":{"line":56,"column":35}},"56":{"start":{"line":57,"column":0},"end":{"line":57,"column":12}},"57":{"start":{"line":58,"column":0},"end":{"line":58,"column":19}},"58":{"start":{"line":59,"column":0},"end":{"line":59,"column":6}},"59":{"start":{"line":60,"column":0},"end":{"line":60,"column":5}},"60":{"start":{"line":61,"column":0},"end":{"line":61,"column":14}},"61":{"start":{"line":62,"column":0},"end":{"line":62,"column":2}}},"s":{"0":1,"1":1,"2":1,"3":1,"4":1,"5":1,"6":2,"7":2,"8":2,"9":2,"10":2,"11":1,"12":1,"13":3,"14":1,"15":1,"16":1,"17":1,"18":1,"19":2,"20":2,"21":2,"22":2,"23":2,"24":1,"25":1,"26":1,"27":1,"28":2,"29":2,"30":2,"31":2,"32":2,"33":2,"34":1,"35":1,"36":1,"37":1,"38":3,"39":3,"40":3,"41":3,"42":2,"43":2,"44":1,"45":1,"46":3,"47":3,"48":3,"49":3,"50":3,"51":2,"52":2,"53":1,"54":1,"55":2,"56":2,"57":2,"58":2,"59":2,"60":1,"61":1},"branchMap":{"0":{"type":"branch","line":6,"loc":{"start":{"line":6,"column":22},"end":{"line":17,"column":2}},"locations":[{"start":{"line":6,"column":22},"end":{"line":17,"column":2}}]},"1":{"type":"branch","line":11,"loc":{"start":{"line":11,"column":4},"end":{"line":17,"column":2}},"locations":[{"start":{"line":11,"column":4},"end":{"line":17,"column":2}}]},"2":{"type":"branch","line":13,"loc":{"start":{"line":13,"column":16},"end":{"line":15,"column":3}},"locations":[{"start":{"line":13,"column":16},"end":{"line":15,"column":3}}]},"3":{"type":"branch","line":19,"loc":{"start":{"line":19,"column":28},"end":{"line":26,"column":2}},"locations":[{"start":{"line":19,"column":28},"end":{"line":26,"column":2}}]},"4":{"type":"branch","line":24,"loc":{"start":{"line":24,"column":4},"end":{"line":26,"column":2}},"locations":[{"start":{"line":24,"column":4},"end":{"line":26,"column":2}}]},"5":{"type":"branch","line":28,"loc":{"start":{"line":28,"column":21},"end":{"line":36,"column":2}},"locations":[{"start":{"line":28,"column":21},"end":{"line":36,"column":2}}]},"6":{"type":"branch","line":34,"loc":{"start":{"line":34,"column":6},"end":{"line":36,"column":2}},"locations":[{"start":{"line":34,"column":6},"end":{"line":36,"column":2}}]},"7":{"type":"branch","line":38,"loc":{"start":{"line":38,"column":21},"end":{"line":44,"column":2}},"locations":[{"start":{"line":38,"column":21},"end":{"line":44,"column":2}}]},"8":{"type":"branch","line":42,"loc":{"start":{"line":42,"column":3},"end":{"line":44,"column":2}},"locations":[{"start":{"line":42,"column":3},"end":{"line":44,"column":2}}]},"9":{"type":"branch","line":46,"loc":{"start":{"line":46,"column":21},"end":{"line":53,"column":2}},"locations":[{"start":{"line":46,"column":21},"end":{"line":53,"column":2}}]},"10":{"type":"branch","line":51,"loc":{"start":{"line":51,"column":4},"end":{"line":53,"column":2}},"locations":[{"start":{"line":51,"column":4},"end":{"line":53,"column":2}}]},"11":{"type":"branch","line":55,"loc":{"start":{"line":55,"column":21},"end":{"line":62,"column":2}},"locations":[{"start":{"line":55,"column":21},"end":{"line":62,"column":2}}]},"12":{"type":"branch","line":60,"loc":{"start":{"line":60,"column":4},"end":{"line":62,"column":2}},"locations":[{"start":{"line":60,"column":4},"end":{"line":62,"column":2}}]}},"b":{"0":[2],"1":[1],"2":[3],"3":[2],"4":[1],"5":[2],"6":[1],"7":[3],"8":[2],"9":[3],"10":[2],"11":[2],"12":[1]},"fnMap":{"0":{"name":"Object.<anonymous>.exports.getAllUsers","decl":{"start":{"line":6,"column":22},"end":{"line":17,"column":2}},"loc":{"start":{"line":6,"column":22},"end":{"line":17,"column":2}},"line":6},"1":{"name":"Object.<anonymous>.exports.getUserByUsername","decl":{"start":{"line":19,"column":28},"end":{"line":26,"column":2}},"loc":{"start":{"line":19,"column":28},"end":{"line":26,"column":2}},"line":19},"2":{"name":"Object.<anonymous>.exports.createUser","decl":{"start":{"line":28,"column":21},"end":{"line":36,"column":2}},"loc":{"start":{"line":28,"column":21},"end":{"line":36,"column":2}},"line":28},"3":{"name":"Object.<anonymous>.exports.updateUser","decl":{"start":{"line":38,"column":21},"end":{"line":44,"column":2}},"loc":{"start":{"line":38,"column":21},"end":{"line":44,"column":2}},"line":38},"4":{"name":"Object.<anonymous>.exports.deleteUser","decl":{"start":{"line":46,"column":21},"end":{"line":53,"column":2}},"loc":{"start":{"line":46,"column":21},"end":{"line":53,"column":2}},"line":46},"5":{"name":"Object.<anonymous>.exports.checkEmail","decl":{"start":{"line":55,"column":21},"end":{"line":62,"column":2}},"loc":{"start":{"line":55,"column":21},"end":{"line":62,"column":2}},"line":55}},"f":{"0":2,"1":2,"2":2,"3":3,"4":3,"5":2}}
,"C:\\Users\\Cefalo\\Downloads\\Blog-Station\\backend\\service\\authService.js": {"path":"C:\\Users\\Cefalo\\Downloads\\Blog-Station\\backend\\service\\authService.js","all":false,"statementMap":{"0":{"start":{"line":1,"column":0},"end":{"line":1,"column":53}},"1":{"start":{"line":2,"column":0},"end":{"line":2,"column":56}},"2":{"start":{"line":3,"column":0},"end":{"line":3,"column":54}},"3":{"start":{"line":4,"column":0},"end":{"line":4,"column":0}},"4":{"start":{"line":5,"column":0},"end":{"line":5,"column":15}},"5":{"start":{"line":6,"column":0},"end":{"line":6,"column":0}},"6":{"start":{"line":7,"column":0},"end":{"line":7,"column":36}},"7":{"start":{"line":8,"column":0},"end":{"line":8,"column":59}},"8":{"start":{"line":9,"column":0},"end":{"line":9,"column":23}},"9":{"start":{"line":10,"column":0},"end":{"line":10,"column":2}},"10":{"start":{"line":11,"column":0},"end":{"line":11,"column":0}},"11":{"start":{"line":12,"column":0},"end":{"line":12,"column":0}},"12":{"start":{"line":13,"column":0},"end":{"line":13,"column":33}},"13":{"start":{"line":14,"column":0},"end":{"line":14,"column":89}},"14":{"start":{"line":15,"column":0},"end":{"line":15,"column":0}},"15":{"start":{"line":16,"column":0},"end":{"line":16,"column":30}},"16":{"start":{"line":17,"column":0},"end":{"line":17,"column":61}},"17":{"start":{"line":18,"column":0},"end":{"line":18,"column":22}},"18":{"start":{"line":19,"column":0},"end":{"line":19,"column":36}},"19":{"start":{"line":20,"column":0},"end":{"line":20,"column":8}},"20":{"start":{"line":21,"column":0},"end":{"line":21,"column":0}},"21":{"start":{"line":22,"column":0},"end":{"line":22,"column":0}},"22":{"start":{"line":23,"column":0},"end":{"line":23,"column":31}},"23":{"start":{"line":24,"column":0},"end":{"line":24,"column":72}},"24":{"start":{"line":25,"column":0},"end":{"line":25,"column":26}},"25":{"start":{"line":26,"column":0},"end":{"line":26,"column":11}},"26":{"start":{"line":27,"column":0},"end":{"line":27,"column":7}},"27":{"start":{"line":28,"column":0},"end":{"line":28,"column":25}},"28":{"start":{"line":29,"column":0},"end":{"line":29,"column":5}},"29":{"start":{"line":30,"column":0},"end":{"line":30,"column":2}}},"s":{"0":1,"1":1,"2":1,"3":1,"4":1,"5":1,"6":1,"7":2,"8":1,"9":1,"10":1,"11":1,"12":1,"13":2,"14":2,"15":2,"16":2,"17":2,"18":2,"19":2,"20":2,"21":2,"22":2,"23":1,"24":1,"25":1,"26":1,"27":1,"28":1,"29":2},"branchMap":{"0":{"type":"branch","line":7,"loc":{"start":{"line":7,"column":19},"end":{"line":10,"column":2}},"locations":[{"start":{"line":7,"column":19},"end":{"line":10,"column":2}}]},"1":{"type":"branch","line":8,"loc":{"start":{"line":8,"column":58},"end":{"line":10,"column":2}},"locations":[{"start":{"line":8,"column":58},"end":{"line":10,"column":2}}]},"2":{"type":"branch","line":13,"loc":{"start":{"line":13,"column":16},"end":{"line":30,"column":2}},"locations":[{"start":{"line":13,"column":16},"end":{"line":30,"column":2}}]},"3":{"type":"branch","line":23,"loc":{"start":{"line":23,"column":30},"end":{"line":29,"column":5}},"locations":[{"start":{"line":23,"column":30},"end":{"line":29,"column":5}}]}},"b":{"0":[2],"1":[1],"2":[2],"3":[1]},"fnMap":{"0":{"name":"Object.<anonymous>.exports.register","decl":{"start":{"line":7,"column":19},"end":{"line":10,"column":2}},"loc":{"start":{"line":7,"column":19},"end":{"line":10,"column":2}},"line":7},"1":{"name":"Object.<anonymous>.exports.login","decl":{"start":{"line":13,"column":16},"end":{"line":30,"column":2}},"loc":{"start":{"line":13,"column":16},"end":{"line":30,"column":2}},"line":13}},"f":{"0":2,"1":2}}
,"C:\\Users\\Cefalo\\Downloads\\Blog-Station\\backend\\service\\blogService.js": {"path":"C:\\Users\\Cefalo\\Downloads\\Blog-Station\\backend\\service\\blogService.js","all":false,"statementMap":{"0":{"start":{"line":1,"column":0},"end":{"line":1,"column":51}},"1":{"start":{"line":2,"column":0},"end":{"line":2,"column":42}},"2":{"start":{"line":3,"column":0},"end":{"line":3,"column":0}},"3":{"start":{"line":4,"column":0},"end":{"line":4,"column":15}},"4":{"start":{"line":5,"column":0},"end":{"line":5,"column":0}},"5":{"start":{"line":6,"column":0},"end":{"line":6,"column":48}},"6":{"start":{"line":7,"column":0},"end":{"line":7,"column":65}},"7":{"start":{"line":8,"column":0},"end":{"line":8,"column":29}},"8":{"start":{"line":9,"column":0},"end":{"line":9,"column":63}},"9":{"start":{"line":10,"column":0},"end":{"line":10,"column":22}},"10":{"start":{"line":11,"column":0},"end":{"line":11,"column":7}},"11":{"start":{"line":12,"column":0},"end":{"line":12,"column":3}},"12":{"start":{"line":13,"column":0},"end":{"line":13,"column":47}},"13":{"start":{"line":14,"column":0},"end":{"line":14,"column":2}},"14":{"start":{"line":15,"column":0},"end":{"line":15,"column":0}},"15":{"start":{"line":16,"column":0},"end":{"line":16,"column":41}},"16":{"start":{"line":17,"column":0},"end":{"line":17,"column":57}},"17":{"start":{"line":18,"column":0},"end":{"line":18,"column":0}},"18":{"start":{"line":19,"column":0},"end":{"line":19,"column":21}},"19":{"start":{"line":20,"column":0},"end":{"line":20,"column":78}},"20":{"start":{"line":21,"column":0},"end":{"line":21,"column":4}},"21":{"start":{"line":22,"column":0},"end":{"line":22,"column":61}},"22":{"start":{"line":23,"column":0},"end":{"line":23,"column":2}},"23":{"start":{"line":24,"column":0},"end":{"line":24,"column":0}},"24":{"start":{"line":25,"column":0},"end":{"line":25,"column":52}},"25":{"start":{"line":26,"column":0},"end":{"line":26,"column":68}},"26":{"start":{"line":27,"column":0},"end":{"line":27,"column":46}},"27":{"start":{"line":28,"column":0},"end":{"line":28,"column":2}},"28":{"start":{"line":29,"column":0},"end":{"line":29,"column":0}},"29":{"start":{"line":30,"column":0},"end":{"line":30,"column":0}},"30":{"start":{"line":31,"column":0},"end":{"line":31,"column":60}},"31":{"start":{"line":32,"column":0},"end":{"line":32,"column":0}},"32":{"start":{"line":33,"column":0},"end":{"line":33,"column":76}},"33":{"start":{"line":34,"column":0},"end":{"line":34,"column":0}},"34":{"start":{"line":35,"column":0},"end":{"line":35,"column":21}},"35":{"start":{"line":36,"column":0},"end":{"line":36,"column":75}},"36":{"start":{"line":37,"column":0},"end":{"line":37,"column":3}},"37":{"start":{"line":38,"column":0},"end":{"line":38,"column":62}},"38":{"start":{"line":39,"column":0},"end":{"line":39,"column":2}},"39":{"start":{"line":40,"column":0},"end":{"line":40,"column":0}},"40":{"start":{"line":41,"column":0},"end":{"line":41,"column":40}},"41":{"start":{"line":42,"column":0},"end":{"line":42,"column":56}},"42":{"start":{"line":43,"column":0},"end":{"line":43,"column":80}},"43":{"start":{"line":44,"column":0},"end":{"line":44,"column":73}},"44":{"start":{"line":45,"column":0},"end":{"line":45,"column":2}}},"s":{"0":1,"1":1,"2":1,"3":1,"4":1,"5":1,"6":3,"7":3,"8":1,"9":1,"10":1,"11":1,"12":1,"13":1,"14":1,"15":1,"16":3,"17":2,"18":3,"19":1,"20":1,"21":1,"22":1,"23":1,"24":1,"25":0,"26":0,"27":0,"28":1,"29":1,"30":1,"31":2,"32":2,"33":2,"34":2,"35":1,"36":1,"37":1,"38":1,"39":1,"40":1,"41":2,"42":2,"43":1,"44":1},"branchMap":{"0":{"type":"branch","line":6,"loc":{"start":{"line":6,"column":22},"end":{"line":14,"column":2}},"locations":[{"start":{"line":6,"column":22},"end":{"line":14,"column":2}}]},"1":{"type":"branch","line":7,"loc":{"start":{"line":7,"column":64},"end":{"line":8,"column":28}},"locations":[{"start":{"line":7,"column":64},"end":{"line":8,"column":28}}]},"2":{"type":"branch","line":8,"loc":{"start":{"line":8,"column":28},"end":{"line":14,"column":2}},"locations":[{"start":{"line":8,"column":28},"end":{"line":14,"column":2}}]},"3":{"type":"branch","line":16,"loc":{"start":{"line":16,"column":22},"end":{"line":23,"column":2}},"locations":[{"start":{"line":16,"column":22},"end":{"line":23,"column":2}}]},"4":{"type":"branch","line":17,"loc":{"start":{"line":17,"column":56},"end":{"line":19,"column":20}},"locations":[{"start":{"line":17,"column":56},"end":{"line":19,"column":20}}]},"5":{"type":"branch","line":19,"loc":{"start":{"line":19,"column":20},"end":{"line":23,"column":2}},"locations":[{"start":{"line":19,"column":20},"end":{"line":23,"column":2}}]},"6":{"type":"branch","line":31,"loc":{"start":{"line":31,"column":21},"end":{"line":39,"column":2}},"locations":[{"start":{"line":31,"column":21},"end":{"line":39,"column":2}}]},"7":{"type":"branch","line":35,"loc":{"start":{"line":35,"column":20},"end":{"line":39,"column":2}},"locations":[{"start":{"line":35,"column":20},"end":{"line":39,"column":2}}]},"8":{"type":"branch","line":41,"loc":{"start":{"line":41,"column":21},"end":{"line":45,"column":2}},"locations":[{"start":{"line":41,"column":21},"end":{"line":45,"column":2}}]},"9":{"type":"branch","line":43,"loc":{"start":{"line":43,"column":19},"end":{"line":45,"column":2}},"locations":[{"start":{"line":43,"column":19},"end":{"line":45,"column":2}}]}},"b":{"0":[3],"1":[2],"2":[1],"3":[3],"4":[2],"5":[1],"6":[2],"7":[1],"8":[2],"9":[1]},"fnMap":{"0":{"name":"Object.<anonymous>.exports.getAllBlogs","decl":{"start":{"line":6,"column":22},"end":{"line":14,"column":2}},"loc":{"start":{"line":6,"column":22},"end":{"line":14,"column":2}},"line":6},"1":{"name":"Object.<anonymous>.exports.getBlogById","decl":{"start":{"line":16,"column":22},"end":{"line":23,"column":2}},"loc":{"start":{"line":16,"column":22},"end":{"line":23,"column":2}},"line":16},"2":{"name":"Object.<anonymous>.exports.createBlog","decl":{"start":{"line":25,"column":21},"end":{"line":28,"column":2}},"loc":{"start":{"line":25,"column":21},"end":{"line":28,"column":2}},"line":25},"3":{"name":"Object.<anonymous>.exports.updateBlog","decl":{"start":{"line":31,"column":21},"end":{"line":39,"column":2}},"loc":{"start":{"line":31,"column":21},"end":{"line":39,"column":2}},"line":31},"4":{"name":"Object.<anonymous>.exports.deleteBlog","decl":{"start":{"line":41,"column":21},"end":{"line":45,"column":2}},"loc":{"start":{"line":41,"column":21},"end":{"line":45,"column":2}},"line":41}},"f":{"0":3,"1":3,"2":0,"3":2,"4":2}}
,"C:\\Users\\Cefalo\\Downloads\\Blog-Station\\backend\\service\\userService.js": {"path":"C:\\Users\\Cefalo\\Downloads\\Blog-Station\\backend\\service\\userService.js","all":false,"statementMap":{"0":{"start":{"line":1,"column":0},"end":{"line":1,"column":51}},"1":{"start":{"line":2,"column":0},"end":{"line":2,"column":49}},"2":{"start":{"line":3,"column":0},"end":{"line":3,"column":42}},"3":{"start":{"line":4,"column":0},"end":{"line":4,"column":39}},"4":{"start":{"line":5,"column":0},"end":{"line":5,"column":0}},"5":{"start":{"line":6,"column":0},"end":{"line":6,"column":15}},"6":{"start":{"line":7,"column":0},"end":{"line":7,"column":0}},"7":{"start":{"line":8,"column":0},"end":{"line":8,"column":48}},"8":{"start":{"line":9,"column":0},"end":{"line":9,"column":65}},"9":{"start":{"line":10,"column":0},"end":{"line":10,"column":29}},"10":{"start":{"line":11,"column":0},"end":{"line":11,"column":63}},"11":{"start":{"line":12,"column":0},"end":{"line":12,"column":22}},"12":{"start":{"line":13,"column":0},"end":{"line":13,"column":7}},"13":{"start":{"line":14,"column":0},"end":{"line":14,"column":3}},"14":{"start":{"line":15,"column":0},"end":{"line":15,"column":47}},"15":{"start":{"line":16,"column":0},"end":{"line":16,"column":2}},"16":{"start":{"line":17,"column":0},"end":{"line":17,"column":0}},"17":{"start":{"line":18,"column":0},"end":{"line":18,"column":52}},"18":{"start":{"line":19,"column":0},"end":{"line":19,"column":65}},"19":{"start":{"line":20,"column":0},"end":{"line":20,"column":21}},"20":{"start":{"line":21,"column":0},"end":{"line":21,"column":75}},"21":{"start":{"line":22,"column":0},"end":{"line":22,"column":22}},"22":{"start":{"line":23,"column":0},"end":{"line":23,"column":7}},"23":{"start":{"line":24,"column":0},"end":{"line":24,"column":3}},"24":{"start":{"line":25,"column":0},"end":{"line":25,"column":59}},"25":{"start":{"line":26,"column":0},"end":{"line":26,"column":2}},"26":{"start":{"line":27,"column":0},"end":{"line":27,"column":0}},"27":{"start":{"line":28,"column":0},"end":{"line":28,"column":49}},"28":{"start":{"line":29,"column":0},"end":{"line":29,"column":65}},"29":{"start":{"line":30,"column":0},"end":{"line":30,"column":21}},"30":{"start":{"line":31,"column":0},"end":{"line":31,"column":75}},"31":{"start":{"line":32,"column":0},"end":{"line":32,"column":22}},"32":{"start":{"line":33,"column":0},"end":{"line":33,"column":7}},"33":{"start":{"line":34,"column":0},"end":{"line":34,"column":3}},"34":{"start":{"line":35,"column":0},"end":{"line":35,"column":46}},"35":{"start":{"line":36,"column":0},"end":{"line":36,"column":2}},"36":{"start":{"line":37,"column":0},"end":{"line":37,"column":0}},"37":{"start":{"line":38,"column":0},"end":{"line":38,"column":38}},"38":{"start":{"line":39,"column":0},"end":{"line":39,"column":0}},"39":{"start":{"line":40,"column":0},"end":{"line":40,"column":28}},"40":{"start":{"line":41,"column":0},"end":{"line":41,"column":47}},"41":{"start":{"line":42,"column":0},"end":{"line":42,"column":67}},"42":{"start":{"line":43,"column":0},"end":{"line":43,"column":0}},"43":{"start":{"line":44,"column":0},"end":{"line":44,"column":50}},"44":{"start":{"line":45,"column":0},"end":{"line":45,"column":15}},"45":{"start":{"line":46,"column":0},"end":{"line":46,"column":15}},"46":{"start":{"line":47,"column":0},"end":{"line":47,"column":17}},"47":{"start":{"line":48,"column":0},"end":{"line":48,"column":20}},"48":{"start":{"line":49,"column":0},"end":{"line":49,"column":6}},"49":{"start":{"line":50,"column":0},"end":{"line":50,"column":48}},"50":{"start":{"line":51,"column":0},"end":{"line":51,"column":2}},"51":{"start":{"line":52,"column":0},"end":{"line":52,"column":0}},"52":{"start":{"line":53,"column":0},"end":{"line":53,"column":52}},"53":{"start":{"line":54,"column":0},"end":{"line":54,"column":0}},"54":{"start":{"line":55,"column":0},"end":{"line":55,"column":62}},"55":{"start":{"line":56,"column":0},"end":{"line":56,"column":74}},"56":{"start":{"line":57,"column":0},"end":{"line":57,"column":0}},"57":{"start":{"line":58,"column":0},"end":{"line":58,"column":21}},"58":{"start":{"line":59,"column":0},"end":{"line":59,"column":75}},"59":{"start":{"line":60,"column":0},"end":{"line":60,"column":3}},"60":{"start":{"line":61,"column":0},"end":{"line":61,"column":62}},"61":{"start":{"line":62,"column":0},"end":{"line":62,"column":2}},"62":{"start":{"line":63,"column":0},"end":{"line":63,"column":0}},"63":{"start":{"line":64,"column":0},"end":{"line":64,"column":42}},"64":{"start":{"line":65,"column":0},"end":{"line":65,"column":72}},"65":{"start":{"line":66,"column":0},"end":{"line":66,"column":20}},"66":{"start":{"line":67,"column":0},"end":{"line":67,"column":64}},"67":{"start":{"line":68,"column":0},"end":{"line":68,"column":3}},"68":{"start":{"line":69,"column":0},"end":{"line":69,"column":73}},"69":{"start":{"line":70,"column":0},"end":{"line":70,"column":2}}},"s":{"0":1,"1":1,"2":1,"3":1,"4":1,"5":1,"6":1,"7":1,"8":3,"9":3,"10":1,"11":1,"12":1,"13":1,"14":1,"15":1,"16":1,"17":1,"18":1,"19":1,"20":0,"21":0,"22":0,"23":0,"24":1,"25":1,"26":1,"27":1,"28":2,"29":1,"30":1,"31":1,"32":1,"33":1,"34":0,"35":0,"36":1,"37":1,"38":0,"39":0,"40":0,"41":0,"42":0,"43":0,"44":0,"45":0,"46":0,"47":0,"48":0,"49":0,"50":0,"51":1,"52":1,"53":2,"54":2,"55":2,"56":2,"57":2,"58":1,"59":1,"60":1,"61":1,"62":1,"63":1,"64":2,"65":2,"66":1,"67":1,"68":1,"69":1},"branchMap":{"0":{"type":"branch","line":8,"loc":{"start":{"line":8,"column":22},"end":{"line":16,"column":2}},"locations":[{"start":{"line":8,"column":22},"end":{"line":16,"column":2}}]},"1":{"type":"branch","line":9,"loc":{"start":{"line":9,"column":64},"end":{"line":10,"column":28}},"locations":[{"start":{"line":9,"column":64},"end":{"line":10,"column":28}}]},"2":{"type":"branch","line":10,"loc":{"start":{"line":10,"column":28},"end":{"line":16,"column":2}},"locations":[{"start":{"line":10,"column":28},"end":{"line":16,"column":2}}]},"3":{"type":"branch","line":18,"loc":{"start":{"line":18,"column":31},"end":{"line":26,"column":2}},"locations":[{"start":{"line":18,"column":31},"end":{"line":26,"column":2}}]},"4":{"type":"branch","line":20,"loc":{"start":{"line":20,"column":20},"end":{"line":24,"column":3}},"locations":[{"start":{"line":20,"column":20},"end":{"line":24,"column":3}}]},"5":{"type":"branch","line":28,"loc":{"start":{"line":28,"column":28},"end":{"line":36,"column":2}},"locations":[{"start":{"line":28,"column":28},"end":{"line":36,"column":2}}]},"6":{"type":"branch","line":29,"loc":{"start":{"line":29,"column":64},"end":{"line":34,"column":3}},"locations":[{"start":{"line":29,"column":64},"end":{"line":34,"column":3}}]},"7":{"type":"branch","line":34,"loc":{"start":{"line":34,"column":2},"end":{"line":36,"column":2}},"locations":[{"start":{"line":34,"column":2},"end":{"line":36,"column":2}}]},"8":{"type":"branch","line":53,"loc":{"start":{"line":53,"column":21},"end":{"line":62,"column":2}},"locations":[{"start":{"line":53,"column":21},"end":{"line":62,"column":2}}]},"9":{"type":"branch","line":58,"loc":{"start":{"line":58,"column":20},"end":{"line":62,"column":2}},"locations":[{"start":{"line":58,"column":20},"end":{"line":62,"column":2}}]},"10":{"type":"branch","line":64,"loc":{"start":{"line":64,"column":21},"end":{"line":70,"column":2}},"locations":[{"start":{"line":64,"column":21},"end":{"line":70,"column":2}}]},"11":{"type":"branch","line":66,"loc":{"start":{"line":66,"column":19},"end":{"line":70,"column":2}},"locations":[{"start":{"line":66,"column":19},"end":{"line":70,"column":2}}]}},"b":{"0":[3],"1":[2],"2":[1],"3":[1],"4":[0],"5":[2],"6":[1],"7":[0],"8":[2],"9":[1],"10":[2],"11":[1]},"fnMap":{"0":{"name":"Object.<anonymous>.exports.getAllUsers","decl":{"start":{"line":8,"column":22},"end":{"line":16,"column":2}},"loc":{"start":{"line":8,"column":22},"end":{"line":16,"column":2}},"line":8},"1":{"name":"Object.<anonymous>.exports.getUserDtoByUsername","decl":{"start":{"line":18,"column":31},"end":{"line":26,"column":2}},"loc":{"start":{"line":18,"column":31},"end":{"line":26,"column":2}},"line":18},"2":{"name":"Object.<anonymous>.exports.getUserByUsername","decl":{"start":{"line":28,"column":28},"end":{"line":36,"column":2}},"loc":{"start":{"line":28,"column":28},"end":{"line":36,"column":2}},"line":28},"3":{"name":"Object.<anonymous>.exports.createUser","decl":{"start":{"line":38,"column":21},"end":{"line":51,"column":2}},"loc":{"start":{"line":38,"column":21},"end":{"line":51,"column":2}},"line":38},"4":{"name":"Object.<anonymous>.exports.updateUser","decl":{"start":{"line":53,"column":21},"end":{"line":62,"column":2}},"loc":{"start":{"line":53,"column":21},"end":{"line":62,"column":2}},"line":53},"5":{"name":"Object.<anonymous>.exports.deleteUser","decl":{"start":{"line":64,"column":21},"end":{"line":70,"column":2}},"loc":{"start":{"line":64,"column":21},"end":{"line":70,"column":2}},"line":64}},"f":{"0":3,"1":1,"2":2,"3":0,"4":2,"5":2}}
,"C:\\Users\\Cefalo\\Downloads\\Blog-Station\\backend\\utils\\JWTToken.js": {"path":"C:\\Users\\Cefalo\\Downloads\\Blog-Station\\backend\\utils\\JWTToken.js","all":false,"statementMap":{"0":{"start":{"line":1,"column":0},"end":{"line":1,"column":36}},"1":{"start":{"line":2,"column":0},"end":{"line":2,"column":33}},"2":{"start":{"line":3,"column":0},"end":{"line":3,"column":16}},"3":{"start":{"line":4,"column":0},"end":{"line":4,"column":0}},"4":{"start":{"line":5,"column":0},"end":{"line":5,"column":36}},"5":{"start":{"line":6,"column":0},"end":{"line":6,"column":88}},"6":{"start":{"line":7,"column":0},"end":{"line":7,"column":38}},"7":{"start":{"line":8,"column":0},"end":{"line":8,"column":5}},"8":{"start":{"line":9,"column":0},"end":{"line":9,"column":18}},"9":{"start":{"line":10,"column":0},"end":{"line":10,"column":2}}},"s":{"0":1,"1":1,"2":1,"3":1,"4":1,"5":0,"6":0,"7":0,"8":0,"9":0},"branchMap":{},"b":{},"fnMap":{"0":{"name":"Object.<anonymous>.exports.createJwtToken","decl":{"start":{"line":5,"column":26},"end":{"line":10,"column":2}},"loc":{"start":{"line":5,"column":26},"end":{"line":10,"column":2}},"line":5}},"f":{"0":0}}
,"C:\\Users\\Cefalo\\Downloads\\Blog-Station\\backend\\utils\\blogValidation.js": {"path":"C:\\Users\\Cefalo\\Downloads\\Blog-Station\\backend\\utils\\blogValidation.js","all":false,"statementMap":{"0":{"start":{"line":1,"column":0},"end":{"line":1,"column":0}},"1":{"start":{"line":2,"column":0},"end":{"line":2,"column":44}},"2":{"start":{"line":3,"column":0},"end":{"line":3,"column":121}},"3":{"start":{"line":4,"column":0},"end":{"line":4,"column":1}},"4":{"start":{"line":5,"column":0},"end":{"line":5,"column":0}},"5":{"start":{"line":6,"column":0},"end":{"line":6,"column":0}},"6":{"start":{"line":7,"column":0},"end":{"line":7,"column":57}},"7":{"start":{"line":8,"column":0},"end":{"line":8,"column":92}},"8":{"start":{"line":9,"column":0},"end":{"line":9,"column":121}},"9":{"start":{"line":10,"column":0},"end":{"line":10,"column":1}},"10":{"start":{"line":11,"column":0},"end":{"line":11,"column":0}},"11":{"start":{"line":12,"column":0},"end":{"line":12,"column":18}},"12":{"start":{"line":13,"column":0},"end":{"line":13,"column":19}},"13":{"start":{"line":14,"column":0},"end":{"line":14,"column":24}},"14":{"start":{"line":15,"column":0},"end":{"line":15,"column":2}}},"s":{"0":1,"1":5,"2":5,"3":5,"4":1,"5":1,"6":0,"7":0,"8":0,"9":0,"10":1,"11":1,"12":1,"13":1,"14":1},"branchMap":{"0":{"type":"branch","line":2,"loc":{"start":{"line":2,"column":0},"end":{"line":4,"column":1}},"locations":[{"start":{"line":2,"column":0},"end":{"line":4,"column":1}}]},"1":{"type":"branch","line":3,"loc":{"start":{"line":3,"column":12},"end":{"line":3,"column":28}},"locations":[{"start":{"line":3,"column":12},"end":{"line":3,"column":28}}]},"2":{"type":"branch","line":3,"loc":{"start":{"line":3,"column":31},"end":{"line":3,"column":121}},"locations":[{"start":{"line":3,"column":31},"end":{"line":3,"column":121}}]}},"b":{"0":[5],"1":[3],"2":[2]},"fnMap":{"0":{"name":"blogValidation","decl":{"start":{"line":2,"column":0},"end":{"line":4,"column":1}},"loc":{"start":{"line":2,"column":0},"end":{"line":4,"column":1}},"line":2},"1":{"name":"blogUpdateValidation","decl":{"start":{"line":7,"column":0},"end":{"line":10,"column":1}},"loc":{"start":{"line":7,"column":0},"end":{"line":10,"column":1}},"line":7}},"f":{"0":5,"1":0}}
,"C:\\Users\\Cefalo\\Downloads\\Blog-Station\\backend\\utils\\contentNegotiation.js": {"path":"C:\\Users\\Cefalo\\Downloads\\Blog-Station\\backend\\utils\\contentNegotiation.js","all":false,"statementMap":{"0":{"start":{"line":1,"column":0},"end":{"line":1,"column":45}},"1":{"start":{"line":2,"column":0},"end":{"line":2,"column":40}},"2":{"start":{"line":3,"column":0},"end":{"line":3,"column":45}},"3":{"start":{"line":4,"column":0},"end":{"line":4,"column":0}},"4":{"start":{"line":5,"column":0},"end":{"line":5,"column":86}},"5":{"start":{"line":6,"column":0},"end":{"line":6,"column":0}},"6":{"start":{"line":7,"column":0},"end":{"line":7,"column":54}},"7":{"start":{"line":8,"column":0},"end":{"line":8,"column":66}},"8":{"start":{"line":9,"column":0},"end":{"line":9,"column":1}},"9":{"start":{"line":10,"column":0},"end":{"line":10,"column":98}},"10":{"start":{"line":11,"column":0},"end":{"line":11,"column":0}},"11":{"start":{"line":12,"column":0},"end":{"line":12,"column":56}},"12":{"start":{"line":13,"column":0},"end":{"line":13,"column":60}},"13":{"start":{"line":14,"column":0},"end":{"line":14,"column":0}},"14":{"start":{"line":15,"column":0},"end":{"line":15,"column":56}},"15":{"start":{"line":16,"column":0},"end":{"line":16,"column":51}},"16":{"start":{"line":17,"column":0},"end":{"line":17,"column":59}},"17":{"start":{"line":18,"column":0},"end":{"line":18,"column":5}},"18":{"start":{"line":19,"column":0},"end":{"line":19,"column":0}},"19":{"start":{"line":20,"column":0},"end":{"line":20,"column":52}},"20":{"start":{"line":21,"column":0},"end":{"line":21,"column":61}},"21":{"start":{"line":22,"column":0},"end":{"line":22,"column":5}},"22":{"start":{"line":23,"column":0},"end":{"line":23,"column":0}},"23":{"start":{"line":24,"column":0},"end":{"line":24,"column":46}},"24":{"start":{"line":25,"column":0},"end":{"line":25,"column":60}},"25":{"start":{"line":26,"column":0},"end":{"line":26,"column":5}},"26":{"start":{"line":27,"column":0},"end":{"line":27,"column":54}},"27":{"start":{"line":28,"column":0},"end":{"line":28,"column":2}}},"s":{"0":1,"1":1,"2":1,"3":1,"4":1,"5":1,"6":1,"7":0,"8":0,"9":1,"10":1,"11":1,"12":0,"13":1,"14":1,"15":0,"16":0,"17":0,"18":0,"19":0,"20":0,"21":0,"22":0,"23":0,"24":0,"25":0,"26":0,"27":0},"branchMap":{},"b":{},"fnMap":{"0":{"name":"Object.<anonymous>.exports.sendJsResponse","decl":{"start":{"line":5,"column":25},"end":{"line":5,"column":85}},"loc":{"start":{"line":5,"column":25},"end":{"line":5,"column":85}},"line":5},"1":{"name":"Object.<anonymous>.exports.sendXmlResponse","decl":{"start":{"line":7,"column":26},"end":{"line":9,"column":1}},"loc":{"start":{"line":7,"column":26},"end":{"line":9,"column":1}},"line":7},"2":{"name":"Object.<anonymous>.exports.sendHtmlResponse","decl":{"start":{"line":10,"column":27},"end":{"line":10,"column":97}},"loc":{"start":{"line":10,"column":27},"end":{"line":10,"column":97}},"line":10},"3":{"name":"Object.<anonymous>.exports.sendTextResponse","decl":{"start":{"line":12,"column":27},"end":{"line":13,"column":60}},"loc":{"start":{"line":12,"column":27},"end":{"line":13,"column":60}},"line":12},"4":{"name":"Object.<anonymous>.exports.sendResponse","decl":{"start":{"line":15,"column":23},"end":{"line":28,"column":2}},"loc":{"start":{"line":15,"column":23},"end":{"line":28,"column":2}},"line":15}},"f":{"0":0,"1":0,"2":0,"3":0,"4":0}}
,"C:\\Users\\Cefalo\\Downloads\\Blog-Station\\backend\\utils\\hashingPassword.js": {"path":"C:\\Users\\Cefalo\\Downloads\\Blog-Station\\backend\\utils\\hashingPassword.js","all":false,"statementMap":{"0":{"start":{"line":1,"column":0},"end":{"line":1,"column":33}},"1":{"start":{"line":2,"column":0},"end":{"line":2,"column":33}},"2":{"start":{"line":3,"column":0},"end":{"line":3,"column":16}},"3":{"start":{"line":4,"column":0},"end":{"line":4,"column":0}},"4":{"start":{"line":5,"column":0},"end":{"line":5,"column":42}},"5":{"start":{"line":6,"column":0},"end":{"line":6,"column":48}},"6":{"start":{"line":7,"column":0},"end":{"line":7,"column":48}},"7":{"start":{"line":8,"column":0},"end":{"line":8,"column":59}},"8":{"start":{"line":9,"column":0},"end":{"line":9,"column":24}},"9":{"start":{"line":10,"column":0},"end":{"line":10,"column":1}},"10":{"start":{"line":11,"column":0},"end":{"line":11,"column":0}},"11":{"start":{"line":12,"column":0},"end":{"line":12,"column":56}},"12":{"start":{"line":13,"column":0},"end":{"line":13,"column":73}},"13":{"start":{"line":14,"column":0},"end":{"line":14,"column":25}},"14":{"start":{"line":15,"column":0},"end":{"line":15,"column":1}},"15":{"start":{"line":16,"column":0},"end":{"line":16,"column":0}},"16":{"start":{"line":17,"column":0},"end":{"line":17,"column":52}}},"s":{"0":1,"1":1,"2":1,"3":1,"4":0,"5":0,"6":0,"7":0,"8":0,"9":0,"10":1,"11":0,"12":0,"13":0,"14":0,"15":1,"16":1},"branchMap":{},"b":{},"fnMap":{"0":{"name":"hashingPassword","decl":{"start":{"line":5,"column":0},"end":{"line":10,"column":1}},"loc":{"start":{"line":5,"column":0},"end":{"line":10,"column":1}},"line":5},"1":{"name":"checkPassword","decl":{"start":{"line":12,"column":0},"end":{"line":15,"column":1}},"loc":{"start":{"line":12,"column":0},"end":{"line":15,"column":1}},"line":12}},"f":{"0":0,"1":0}}
,"C:\\Users\\Cefalo\\Downloads\\Blog-Station\\backend\\utils\\pagination.js": {"path":"C:\\Users\\Cefalo\\Downloads\\Blog-Station\\backend\\utils\\pagination.js","all":false,"statementMap":{"0":{"start":{"line":1,"column":0},"end":{"line":1,"column":43}},"1":{"start":{"line":2,"column":0},"end":{"line":2,"column":64}},"2":{"start":{"line":3,"column":0},"end":{"line":3,"column":75}},"3":{"start":{"line":4,"column":0},"end":{"line":4,"column":4}},"4":{"start":{"line":5,"column":0},"end":{"line":5,"column":40}},"5":{"start":{"line":6,"column":0},"end":{"line":6,"column":28}},"6":{"start":{"line":7,"column":0},"end":{"line":7,"column":2}}},"s":{"0":1,"1":4,"2":4,"3":4,"4":4,"5":4,"6":4},"branchMap":{"0":{"type":"branch","line":1,"loc":{"start":{"line":1,"column":20},"end":{"line":7,"column":2}},"locations":[{"start":{"line":1,"column":20},"end":{"line":7,"column":2}}]},"1":{"type":"branch","line":2,"loc":{"start":{"line":2,"column":27},"end":{"line":2,"column":40}},"locations":[{"start":{"line":2,"column":27},"end":{"line":2,"column":40}}]},"2":{"type":"branch","line":2,"loc":{"start":{"line":2,"column":44},"end":{"line":2,"column":63}},"locations":[{"start":{"line":2,"column":44},"end":{"line":2,"column":63}}]},"3":{"type":"branch","line":3,"loc":{"start":{"line":3,"column":34},"end":{"line":3,"column":49}},"locations":[{"start":{"line":3,"column":34},"end":{"line":3,"column":49}}]},"4":{"type":"branch","line":3,"loc":{"start":{"line":3,"column":53},"end":{"line":3,"column":74}},"locations":[{"start":{"line":3,"column":53},"end":{"line":3,"column":74}}]}},"b":{"0":[4],"1":[0],"2":[0],"3":[0],"4":[0]},"fnMap":{"0":{"name":"Object.<anonymous>.exports.paginate","decl":{"start":{"line":1,"column":20},"end":{"line":7,"column":2}},"loc":{"start":{"line":1,"column":20},"end":{"line":7,"column":2}},"line":1}},"f":{"0":4}}
,"C:\\Users\\Cefalo\\Downloads\\Blog-Station\\backend\\utils\\userInfoValidation.js": {"path":"C:\\Users\\Cefalo\\Downloads\\Blog-Station\\backend\\utils\\userInfoValidation.js","all":false,"statementMap":{"0":{"start":{"line":1,"column":0},"end":{"line":1,"column":46}},"1":{"start":{"line":2,"column":0},"end":{"line":2,"column":63}},"2":{"start":{"line":3,"column":0},"end":{"line":3,"column":54}},"3":{"start":{"line":4,"column":0},"end":{"line":4,"column":0}},"4":{"start":{"line":5,"column":0},"end":{"line":5,"column":36}},"5":{"start":{"line":6,"column":0},"end":{"line":6,"column":48}},"6":{"start":{"line":7,"column":0},"end":{"line":7,"column":15}},"7":{"start":{"line":8,"column":0},"end":{"line":8,"column":1}},"8":{"start":{"line":9,"column":0},"end":{"line":9,"column":0}},"9":{"start":{"line":10,"column":0},"end":{"line":10,"column":36}},"10":{"start":{"line":11,"column":0},"end":{"line":11,"column":50}},"11":{"start":{"line":12,"column":0},"end":{"line":12,"column":14}},"12":{"start":{"line":13,"column":0},"end":{"line":13,"column":1}},"13":{"start":{"line":14,"column":0},"end":{"line":14,"column":0}},"14":{"start":{"line":15,"column":0},"end":{"line":15,"column":30}},"15":{"start":{"line":16,"column":0},"end":{"line":16,"column":44}},"16":{"start":{"line":17,"column":0},"end":{"line":17,"column":14}},"17":{"start":{"line":18,"column":0},"end":{"line":18,"column":1}},"18":{"start":{"line":19,"column":0},"end":{"line":19,"column":0}},"19":{"start":{"line":20,"column":0},"end":{"line":20,"column":46}},"20":{"start":{"line":21,"column":0},"end":{"line":21,"column":2}},"21":{"start":{"line":22,"column":0},"end":{"line":22,"column":117}},"22":{"start":{"line":23,"column":0},"end":{"line":23,"column":113}},"23":{"start":{"line":24,"column":0},"end":{"line":24,"column":113}},"24":{"start":{"line":25,"column":0},"end":{"line":25,"column":104}},"25":{"start":{"line":26,"column":0},"end":{"line":26,"column":1}},"26":{"start":{"line":27,"column":0},"end":{"line":27,"column":0}},"27":{"start":{"line":28,"column":0},"end":{"line":28,"column":41}},"28":{"start":{"line":29,"column":0},"end":{"line":29,"column":2}},"29":{"start":{"line":30,"column":0},"end":{"line":30,"column":98}},"30":{"start":{"line":31,"column":0},"end":{"line":31,"column":113}},"31":{"start":{"line":32,"column":0},"end":{"line":32,"column":1}},"32":{"start":{"line":33,"column":0},"end":{"line":33,"column":0}},"33":{"start":{"line":34,"column":0},"end":{"line":34,"column":0}},"34":{"start":{"line":35,"column":0},"end":{"line":35,"column":50}},"35":{"start":{"line":36,"column":0},"end":{"line":36,"column":108}},"36":{"start":{"line":37,"column":0},"end":{"line":37,"column":1}},"37":{"start":{"line":38,"column":0},"end":{"line":38,"column":0}},"38":{"start":{"line":39,"column":0},"end":{"line":39,"column":0}},"39":{"start":{"line":40,"column":0},"end":{"line":40,"column":0}},"40":{"start":{"line":41,"column":0},"end":{"line":41,"column":0}},"41":{"start":{"line":42,"column":0},"end":{"line":42,"column":18}},"42":{"start":{"line":43,"column":0},"end":{"line":43,"column":21}},"43":{"start":{"line":44,"column":0},"end":{"line":44,"column":23}},"44":{"start":{"line":45,"column":0},"end":{"line":45,"column":20}},"45":{"start":{"line":46,"column":0},"end":{"line":46,"column":2}}},"s":{"0":1,"1":1,"2":1,"3":1,"4":0,"5":0,"6":0,"7":0,"8":1,"9":1,"10":1,"11":1,"12":1,"13":1,"14":0,"15":0,"16":0,"17":0,"18":1,"19":0,"20":0,"21":0,"22":0,"23":0,"24":0,"25":0,"26":1,"27":2,"28":2,"29":2,"30":2,"31":2,"32":1,"33":1,"34":0,"35":0,"36":0,"37":1,"38":1,"39":1,"40":1,"41":1,"42":1,"43":1,"44":1,"45":1},"branchMap":{"0":{"type":"branch","line":10,"loc":{"start":{"line":10,"column":0},"end":{"line":13,"column":1}},"locations":[{"start":{"line":10,"column":0},"end":{"line":13,"column":1}}]},"1":{"type":"branch","line":11,"loc":{"start":{"line":11,"column":37},"end":{"line":11,"column":50}},"locations":[{"start":{"line":11,"column":37},"end":{"line":11,"column":50}}]},"2":{"type":"branch","line":28,"loc":{"start":{"line":28,"column":0},"end":{"line":32,"column":1}},"locations":[{"start":{"line":28,"column":0},"end":{"line":32,"column":1}}]},"3":{"type":"branch","line":30,"loc":{"start":{"line":30,"column":17},"end":{"line":31,"column":34}},"locations":[{"start":{"line":30,"column":17},"end":{"line":31,"column":34}}]},"4":{"type":"branch","line":31,"loc":{"start":{"line":31,"column":34},"end":{"line":31,"column":113}},"locations":[{"start":{"line":31,"column":34},"end":{"line":31,"column":113}}]}},"b":{"0":[1],"1":[0],"2":[2],"3":[1],"4":[0]},"fnMap":{"0":{"name":"isValidUsername","decl":{"start":{"line":5,"column":0},"end":{"line":8,"column":1}},"loc":{"start":{"line":5,"column":0},"end":{"line":8,"column":1}},"line":5},"1":{"name":"isValidPassword","decl":{"start":{"line":10,"column":0},"end":{"line":13,"column":1}},"loc":{"start":{"line":10,"column":0},"end":{"line":13,"column":1}},"line":10},"2":{"name":"isValidEmail","decl":{"start":{"line":15,"column":0},"end":{"line":18,"column":1}},"loc":{"start":{"line":15,"column":0},"end":{"line":18,"column":1}},"line":15},"3":{"name":"userInfoValidation","decl":{"start":{"line":20,"column":0},"end":{"line":26,"column":1}},"loc":{"start":{"line":20,"column":0},"end":{"line":26,"column":1}},"line":20},"4":{"name":"userUpdateValidation","decl":{"start":{"line":28,"column":0},"end":{"line":32,"column":1}},"loc":{"start":{"line":28,"column":0},"end":{"line":32,"column":1}},"line":28},"5":{"name":"userLoginValidation","decl":{"start":{"line":35,"column":0},"end":{"line":37,"column":1}},"loc":{"start":{"line":35,"column":0},"end":{"line":37,"column":1}},"line":35}},"f":{"0":0,"1":1,"2":0,"3":0,"4":2,"5":0}}
}
