TN:
SF:db.config.js
FNF:0
FNH:0
DA:1,1
DA:2,1
DA:3,1
DA:4,1
DA:5,1
DA:6,1
DA:7,1
DA:8,1
DA:9,1
DA:10,1
DA:11,8
DA:12,8
DA:13,0
DA:14,0
DA:15,0
DA:16,0
DA:17,1
DA:18,1
DA:19,1
LF:19
LH:15
BRDA:10,0,0,8
BRDA:12,1,0,0
BRF:2
BRH:1
end_of_record
TN:
SF:DTO\blogDTO.js
FN:2,BlogDTO
FNF:1
FNH:0
FNDA:0,BlogDTO
DA:1,1
DA:2,1
DA:3,0
DA:4,0
DA:5,0
DA:6,0
DA:7,0
DA:8,0
DA:9,1
DA:10,1
LF:10
LH:4
BRF:0
BRH:0
end_of_record
TN:
SF:DTO\userDTO.js
FN:2,UserDTO
FNF:1
FNH:1
FNDA:4,UserDTO
DA:1,1
DA:2,1
DA:3,4
DA:4,4
DA:5,4
DA:6,4
DA:7,4
DA:8,4
DA:9,1
DA:10,1
LF:10
LH:10
BRDA:2,0,0,4
BRF:1
BRH:1
end_of_record
TN:
SF:__test__\mockDatabase.js
FNF:0
FNH:0
DA:1,1
DA:2,1
DA:3,1
DA:4,1
DA:5,1
DA:6,1
DA:7,1
DA:8,1
DA:9,1
DA:10,1
DA:11,1
DA:12,1
DA:13,1
DA:14,1
DA:15,1
DA:16,1
DA:17,1
DA:18,1
DA:19,1
DA:20,1
DA:21,1
DA:22,1
DA:23,1
DA:24,1
DA:25,1
DA:26,1
DA:27,1
DA:28,1
DA:29,1
DA:30,1
DA:31,1
DA:32,1
DA:33,1
DA:34,1
DA:35,1
DA:36,1
DA:37,1
DA:38,1
DA:39,1
DA:40,1
DA:41,1
DA:42,1
DA:43,1
DA:44,1
DA:45,1
DA:46,1
DA:47,1
DA:48,1
DA:49,1
DA:50,1
DA:51,1
DA:52,1
DA:53,1
DA:54,1
DA:55,1
DA:56,1
DA:57,1
DA:58,1
DA:59,1
DA:60,1
DA:61,1
DA:62,1
DA:63,1
DA:64,1
DA:65,1
DA:66,1
DA:67,1
DA:68,1
DA:69,1
DA:70,1
DA:71,1
DA:72,1
DA:73,8
DA:74,8
DA:75,1
DA:76,1
LF:76
LH:76
BRDA:72,0,0,8
BRF:1
BRH:1
end_of_record
TN:
SF:controllers\authController.js
FN:8,Object.<anonymous>.exports.register
FN:32,Object.<anonymous>.exports.login
FNF:2
FNH:2
FNDA:2,Object.<anonymous>.exports.register
FNDA:4,Object.<anonymous>.exports.login
DA:1,1
DA:2,1
DA:3,1
DA:4,1
DA:5,1
DA:6,1
DA:7,1
DA:8,1
DA:9,2
DA:10,2
DA:11,2
DA:12,2
DA:13,2
DA:14,2
DA:15,2
DA:16,1
DA:17,1
DA:18,1
DA:19,1
DA:20,1
DA:21,1
DA:22,1
DA:23,1
DA:24,1
DA:25,1
DA:26,1
DA:27,1
DA:28,1
DA:29,1
DA:30,2
DA:31,1
DA:32,1
DA:33,4
DA:34,4
DA:35,4
DA:36,4
DA:37,4
DA:38,4
DA:39,1
DA:40,1
DA:41,1
DA:42,1
DA:43,1
DA:44,4
DA:45,3
DA:46,3
DA:47,4
LF:47
LH:47
BRDA:8,0,0,2
BRDA:15,1,0,1
BRDA:32,2,0,4
BRDA:38,3,0,1
BRDA:44,4,0,3
BRF:5
BRH:5
end_of_record
TN:
SF:controllers\blogController.js
FN:8,Object.<anonymous>.exports.getAllBlogs
FN:19,Object.<anonymous>.exports.getBlogById
FN:28,Object.<anonymous>.exports.createBlog
FN:42,Object.<anonymous>.exports.updateBlog
FN:63,Object.<anonymous>.exports.deleteBlog
FNF:5
FNH:5
FNDA:2,Object.<anonymous>.exports.getAllBlogs
FNDA:2,Object.<anonymous>.exports.getBlogById
FNDA:3,Object.<anonymous>.exports.createBlog
FNDA:3,Object.<anonymous>.exports.updateBlog
FNDA:2,Object.<anonymous>.exports.deleteBlog
DA:1,1
DA:2,1
DA:3,1
DA:4,1
DA:5,1
DA:6,1
DA:7,1
DA:8,1
DA:9,2
DA:10,2
DA:11,2
DA:12,2
DA:13,1
DA:14,1
DA:15,1
DA:16,1
DA:17,2
DA:18,1
DA:19,1
DA:20,2
DA:21,2
DA:22,1
DA:23,1
DA:24,1
DA:25,1
DA:26,2
DA:27,1
DA:28,1
DA:29,3
DA:30,3
DA:31,3
DA:32,3
DA:33,3
DA:34,3
DA:35,3
DA:36,1
DA:37,3
DA:38,2
DA:39,2
DA:40,3
DA:41,1
DA:42,1
DA:43,3
DA:44,3
DA:45,3
DA:46,3
DA:47,3
DA:48,3
DA:49,2
DA:50,2
DA:51,2
DA:52,2
DA:53,2
DA:54,2
DA:55,2
DA:56,2
DA:57,1
DA:58,3
DA:59,2
DA:60,2
DA:61,3
DA:62,1
DA:63,1
DA:64,2
DA:65,2
DA:66,2
DA:67,1
DA:68,1
DA:69,1
DA:70,1
DA:71,1
DA:72,1
DA:73,2
LF:73
LH:73
BRDA:8,0,0,2
BRDA:12,1,0,1
BRDA:19,2,0,2
BRDA:21,3,0,1
BRDA:28,4,0,3
BRDA:35,5,0,1
BRDA:37,6,0,2
BRDA:42,7,0,3
BRDA:48,8,0,1
BRDA:48,9,0,2
BRDA:56,10,0,1
BRDA:58,11,0,2
BRDA:63,12,0,2
BRDA:66,13,0,1
BRF:14
BRH:14
end_of_record
TN:
SF:controllers\userController.js
FN:8,Object.<anonymous>.exports.getAllUsers
FN:18,Object.<anonymous>.exports.getUserByUsername
FN:27,Object.<anonymous>.exports.updateUser
FN:43,Object.<anonymous>.exports.deleteUser
FNF:4
FNH:4
FNDA:2,Object.<anonymous>.exports.getAllUsers
FNDA:2,Object.<anonymous>.exports.getUserByUsername
FNDA:3,Object.<anonymous>.exports.updateUser
FNDA:2,Object.<anonymous>.exports.deleteUser
DA:1,1
DA:2,1
DA:3,1
DA:4,1
DA:5,1
DA:6,1
DA:7,1
DA:8,1
DA:9,2
DA:10,2
DA:11,2
DA:12,1
DA:13,1
DA:14,1
DA:15,1
DA:16,2
DA:17,1
DA:18,1
DA:19,2
DA:20,2
DA:21,1
DA:22,1
DA:23,1
DA:24,1
DA:25,2
DA:26,1
DA:27,1
DA:28,3
DA:29,3
DA:30,3
DA:31,3
DA:32,3
DA:33,2
DA:34,2
DA:35,2
DA:36,2
DA:37,1
DA:38,3
DA:39,2
DA:40,2
DA:41,3
DA:42,1
DA:43,1
DA:44,2
DA:45,2
DA:46,1
DA:47,1
DA:48,1
DA:49,1
DA:50,1
DA:51,1
DA:52,1
DA:53,1
DA:54,2
LF:54
LH:54
BRDA:8,0,0,2
BRDA:11,1,0,1
BRDA:18,2,0,2
BRDA:20,3,0,1
BRDA:27,4,0,3
BRDA:32,5,0,1
BRDA:32,6,0,2
BRDA:36,7,0,1
BRDA:38,8,0,2
BRDA:43,9,0,2
BRDA:45,10,0,1
BRF:11
BRH:11
end_of_record
TN:
SF:models\blogModel.js
FNF:0
FNH:0
DA:1,1
DA:2,1
DA:3,1
DA:4,1
DA:5,1
DA:6,1
DA:7,1
DA:8,1
DA:9,1
DA:10,1
DA:11,1
DA:12,1
DA:13,1
DA:14,1
DA:15,1
DA:16,1
DA:17,1
DA:18,1
DA:19,1
DA:20,1
DA:21,1
DA:22,1
DA:23,1
DA:24,1
DA:25,1
DA:26,1
DA:27,1
DA:28,1
DA:29,1
DA:30,1
DA:31,1
DA:32,1
DA:33,1
DA:34,1
DA:35,1
DA:36,1
DA:37,1
DA:38,1
LF:38
LH:38
BRF:0
BRH:0
end_of_record
TN:
SF:models\index.js
FN:16,test
FNF:1
FNH:1
FNDA:8,test
DA:1,1
DA:2,1
DA:3,1
DA:4,1
DA:5,1
DA:6,1
DA:7,1
DA:8,1
DA:9,1
DA:10,1
DA:11,1
DA:12,1
DA:13,1
DA:14,1
DA:15,1
DA:16,1
DA:17,8
DA:18,0
DA:19,1
DA:20,1
DA:21,1
DA:22,1
DA:23,1
LF:23
LH:22
BRDA:16,0,0,8
BRDA:17,1,0,0
BRF:2
BRH:1
end_of_record
TN:
SF:models\userModel.js
FNF:0
FNH:0
DA:1,1
DA:2,1
DA:3,1
DA:4,1
DA:5,1
DA:6,1
DA:7,1
DA:8,1
DA:9,1
DA:10,1
DA:11,1
DA:12,1
DA:13,1
DA:14,1
DA:15,1
DA:16,1
DA:17,1
DA:18,1
DA:19,1
DA:20,1
DA:21,1
DA:22,1
DA:23,1
DA:24,1
DA:25,1
DA:26,1
DA:27,1
DA:28,1
DA:29,1
DA:30,1
DA:31,1
DA:32,1
DA:33,1
DA:34,1
DA:35,1
DA:36,1
DA:37,1
DA:38,1
DA:39,1
DA:40,1
DA:41,1
DA:42,1
DA:43,1
DA:44,1
DA:45,1
DA:46,1
DA:47,1
DA:48,1
DA:49,1
DA:50,1
DA:51,1
DA:52,1
DA:53,1
DA:54,1
DA:55,1
LF:55
LH:55
BRF:0
BRH:0
end_of_record
TN:
SF:repository\blogRepo.js
FN:5,Object.<anonymous>.exports.getAllBlogs
FN:14,Object.<anonymous>.exports.getBlogById
FN:24,Object.<anonymous>.exports.createBlog
FN:31,Object.<anonymous>.exports.updateBlog
FN:39,Object.<anonymous>.exports.deleteBlog
FNF:5
FNH:5
FNDA:2,Object.<anonymous>.exports.getAllBlogs
FNDA:2,Object.<anonymous>.exports.getBlogById
FNDA:2,Object.<anonymous>.exports.createBlog
FNDA:3,Object.<anonymous>.exports.updateBlog
FNDA:3,Object.<anonymous>.exports.deleteBlog
DA:1,1
DA:2,1
DA:3,1
DA:4,1
DA:5,1
DA:6,2
DA:7,2
DA:8,2
DA:9,2
DA:10,2
DA:11,1
DA:12,1
DA:13,1
DA:14,1
DA:15,2
DA:16,2
DA:17,2
DA:18,2
DA:19,2
DA:20,2
DA:21,1
DA:22,1
DA:23,1
DA:24,1
DA:25,2
DA:26,2
DA:27,2
DA:28,1
DA:29,1
DA:30,1
DA:31,1
DA:32,3
DA:33,3
DA:34,3
DA:35,3
DA:36,2
DA:37,2
DA:38,1
DA:39,1
DA:40,3
DA:41,3
DA:42,3
DA:43,3
DA:44,3
DA:45,2
DA:46,2
LF:46
LH:46
BRDA:5,0,0,2
BRDA:10,1,0,1
BRDA:14,2,0,2
BRDA:20,3,0,1
BRDA:24,4,0,2
BRDA:27,5,0,1
BRDA:31,6,0,3
BRDA:35,7,0,2
BRDA:39,8,0,3
BRDA:44,9,0,2
BRF:10
BRH:10
end_of_record
TN:
SF:repository\userRepo.js
FN:6,Object.<anonymous>.exports.getAllUsers
FN:19,Object.<anonymous>.exports.getUserByUsername
FN:28,Object.<anonymous>.exports.createUser
FN:38,Object.<anonymous>.exports.updateUser
FN:46,Object.<anonymous>.exports.deleteUser
FN:55,Object.<anonymous>.exports.checkEmail
FNF:6
FNH:6
FNDA:2,Object.<anonymous>.exports.getAllUsers
FNDA:2,Object.<anonymous>.exports.getUserByUsername
FNDA:2,Object.<anonymous>.exports.createUser
FNDA:3,Object.<anonymous>.exports.updateUser
FNDA:3,Object.<anonymous>.exports.deleteUser
FNDA:2,Object.<anonymous>.exports.checkEmail
DA:1,1
DA:2,1
DA:3,1
DA:4,1
DA:5,1
DA:6,1
DA:7,2
DA:8,2
DA:9,2
DA:10,2
DA:11,2
DA:12,1
DA:13,1
DA:14,3
DA:15,1
DA:16,1
DA:17,1
DA:18,1
DA:19,1
DA:20,2
DA:21,2
DA:22,2
DA:23,2
DA:24,2
DA:25,1
DA:26,1
DA:27,1
DA:28,1
DA:29,2
DA:30,2
DA:31,2
DA:32,2
DA:33,2
DA:34,2
DA:35,1
DA:36,1
DA:37,1
DA:38,1
DA:39,3
DA:40,3
DA:41,3
DA:42,3
DA:43,2
DA:44,2
DA:45,1
DA:46,1
DA:47,3
DA:48,3
DA:49,3
DA:50,3
DA:51,3
DA:52,2
DA:53,2
DA:54,1
DA:55,1
DA:56,2
DA:57,2
DA:58,2
DA:59,2
DA:60,2
DA:61,1
DA:62,1
LF:62
LH:62
BRDA:6,0,0,2
BRDA:11,1,0,1
BRDA:13,2,0,3
BRDA:19,3,0,2
BRDA:24,4,0,1
BRDA:28,5,0,2
BRDA:34,6,0,1
BRDA:38,7,0,3
BRDA:42,8,0,2
BRDA:46,9,0,3
BRDA:51,10,0,2
BRDA:55,11,0,2
BRDA:60,12,0,1
BRF:13
BRH:13
end_of_record
TN:
SF:service\authService.js
FN:7,Object.<anonymous>.exports.register
FN:13,Object.<anonymous>.exports.login
FNF:2
FNH:2
FNDA:2,Object.<anonymous>.exports.register
FNDA:2,Object.<anonymous>.exports.login
DA:1,1
DA:2,1
DA:3,1
DA:4,1
DA:5,1
DA:6,1
DA:7,1
DA:8,2
DA:9,1
DA:10,1
DA:11,1
DA:12,1
DA:13,1
DA:14,2
DA:15,2
DA:16,2
DA:17,2
DA:18,2
DA:19,2
DA:20,2
DA:21,2
DA:22,2
DA:23,2
DA:24,1
DA:25,1
DA:26,1
DA:27,1
DA:28,1
DA:29,1
DA:30,2
LF:30
LH:30
BRDA:7,0,0,2
BRDA:8,1,0,1
BRDA:13,2,0,2
BRDA:23,3,0,1
BRF:4
BRH:4
end_of_record
TN:
SF:service\blogService.js
FN:6,Object.<anonymous>.exports.getAllBlogs
FN:16,Object.<anonymous>.exports.getBlogById
FN:25,Object.<anonymous>.exports.createBlog
FN:31,Object.<anonymous>.exports.updateBlog
FN:41,Object.<anonymous>.exports.deleteBlog
FNF:5
FNH:4
FNDA:3,Object.<anonymous>.exports.getAllBlogs
FNDA:3,Object.<anonymous>.exports.getBlogById
FNDA:0,Object.<anonymous>.exports.createBlog
FNDA:2,Object.<anonymous>.exports.updateBlog
FNDA:2,Object.<anonymous>.exports.deleteBlog
DA:1,1
DA:2,1
DA:3,1
DA:4,1
DA:5,1
DA:6,1
DA:7,3
DA:8,3
DA:9,1
DA:10,1
DA:11,1
DA:12,1
DA:13,1
DA:14,1
DA:15,1
DA:16,1
DA:17,3
DA:18,2
DA:19,3
DA:20,1
DA:21,1
DA:22,1
DA:23,1
DA:24,1
DA:25,1
DA:26,0
DA:27,0
DA:28,0
DA:29,1
DA:30,1
DA:31,1
DA:32,2
DA:33,2
DA:34,2
DA:35,2
DA:36,1
DA:37,1
DA:38,1
DA:39,1
DA:40,1
DA:41,1
DA:42,2
DA:43,2
DA:44,1
DA:45,1
LF:45
LH:42
BRDA:6,0,0,3
BRDA:7,1,0,2
BRDA:8,2,0,1
BRDA:16,3,0,3
BRDA:17,4,0,2
BRDA:19,5,0,1
BRDA:31,6,0,2
BRDA:35,7,0,1
BRDA:41,8,0,2
BRDA:43,9,0,1
BRF:10
BRH:10
end_of_record
TN:
SF:service\userService.js
FN:8,Object.<anonymous>.exports.getAllUsers
FN:18,Object.<anonymous>.exports.getUserDtoByUsername
FN:28,Object.<anonymous>.exports.getUserByUsername
FN:38,Object.<anonymous>.exports.createUser
FN:53,Object.<anonymous>.exports.updateUser
FN:64,Object.<anonymous>.exports.deleteUser
FNF:6
FNH:5
FNDA:3,Object.<anonymous>.exports.getAllUsers
FNDA:1,Object.<anonymous>.exports.getUserDtoByUsername
FNDA:2,Object.<anonymous>.exports.getUserByUsername
FNDA:0,Object.<anonymous>.exports.createUser
FNDA:2,Object.<anonymous>.exports.updateUser
FNDA:2,Object.<anonymous>.exports.deleteUser
DA:1,1
DA:2,1
DA:3,1
DA:4,1
DA:5,1
DA:6,1
DA:7,1
DA:8,1
DA:9,3
DA:10,3
DA:11,1
DA:12,1
DA:13,1
DA:14,1
DA:15,1
DA:16,1
DA:17,1
DA:18,1
DA:19,1
DA:20,1
DA:21,0
DA:22,0
DA:23,0
DA:24,0
DA:25,1
DA:26,1
DA:27,1
DA:28,1
DA:29,2
DA:30,1
DA:31,1
DA:32,1
DA:33,1
DA:34,1
DA:35,0
DA:36,0
DA:37,1
DA:38,1
DA:39,0
DA:40,0
DA:41,0
DA:42,0
DA:43,0
DA:44,0
DA:45,0
DA:46,0
DA:47,0
DA:48,0
DA:49,0
DA:50,0
DA:51,0
DA:52,1
DA:53,1
DA:54,2
DA:55,2
DA:56,2
DA:57,2
DA:58,2
DA:59,1
DA:60,1
DA:61,1
DA:62,1
DA:63,1
DA:64,1
DA:65,2
DA:66,2
DA:67,1
DA:68,1
DA:69,1
DA:70,1
LF:70
LH:51
BRDA:8,0,0,3
BRDA:9,1,0,2
BRDA:10,2,0,1
BRDA:18,3,0,1
BRDA:20,4,0,0
BRDA:28,5,0,2
BRDA:29,6,0,1
BRDA:34,7,0,0
BRDA:53,8,0,2
BRDA:58,9,0,1
BRDA:64,10,0,2
BRDA:66,11,0,1
BRF:12
BRH:10
end_of_record
TN:
SF:utils\JWTToken.js
FN:5,Object.<anonymous>.exports.createJwtToken
FNF:1
FNH:0
FNDA:0,Object.<anonymous>.exports.createJwtToken
DA:1,1
DA:2,1
DA:3,1
DA:4,1
DA:5,1
DA:6,0
DA:7,0
DA:8,0
DA:9,0
DA:10,0
LF:10
LH:5
BRF:0
BRH:0
end_of_record
TN:
SF:utils\blogValidation.js
FN:2,blogValidation
FN:7,blogUpdateValidation
FNF:2
FNH:1
FNDA:5,blogValidation
FNDA:0,blogUpdateValidation
DA:1,1
DA:2,5
DA:3,5
DA:4,5
DA:5,1
DA:6,1
DA:7,0
DA:8,0
DA:9,0
DA:10,0
DA:11,1
DA:12,1
DA:13,1
DA:14,1
DA:15,1
LF:15
LH:11
BRDA:2,0,0,5
BRDA:3,1,0,3
BRDA:3,2,0,2
BRF:3
BRH:3
end_of_record
TN:
SF:utils\contentNegotiation.js
FN:5,Object.<anonymous>.exports.sendJsResponse
FN:7,Object.<anonymous>.exports.sendXmlResponse
FN:10,Object.<anonymous>.exports.sendHtmlResponse
FN:12,Object.<anonymous>.exports.sendTextResponse
FN:15,Object.<anonymous>.exports.sendResponse
FNF:5
FNH:0
FNDA:0,Object.<anonymous>.exports.sendJsResponse
FNDA:0,Object.<anonymous>.exports.sendXmlResponse
FNDA:0,Object.<anonymous>.exports.sendHtmlResponse
FNDA:0,Object.<anonymous>.exports.sendTextResponse
FNDA:0,Object.<anonymous>.exports.sendResponse
DA:1,1
DA:2,1
DA:3,1
DA:4,1
DA:5,1
DA:6,1
DA:7,1
DA:8,0
DA:9,0
DA:10,1
DA:11,1
DA:12,1
DA:13,0
DA:14,1
DA:15,1
DA:16,0
DA:17,0
DA:18,0
DA:19,0
DA:20,0
DA:21,0
DA:22,0
DA:23,0
DA:24,0
DA:25,0
DA:26,0
DA:27,0
DA:28,0
LF:28
LH:12
BRF:0
BRH:0
end_of_record
TN:
SF:utils\hashingPassword.js
FN:5,hashingPassword
FN:12,checkPassword
FNF:2
FNH:0
FNDA:0,hashingPassword
FNDA:0,checkPassword
DA:1,1
DA:2,1
DA:3,1
DA:4,1
DA:5,0
DA:6,0
DA:7,0
DA:8,0
DA:9,0
DA:10,0
DA:11,1
DA:12,0
DA:13,0
DA:14,0
DA:15,0
DA:16,1
DA:17,1
LF:17
LH:7
BRF:0
BRH:0
end_of_record
TN:
SF:utils\pagination.js
FN:1,Object.<anonymous>.exports.paginate
FNF:1
FNH:1
FNDA:4,Object.<anonymous>.exports.paginate
DA:1,1
DA:2,4
DA:3,4
DA:4,4
DA:5,4
DA:6,4
DA:7,4
LF:7
LH:7
BRDA:1,0,0,4
BRDA:2,1,0,0
BRDA:2,2,0,0
BRDA:3,3,0,0
BRDA:3,4,0,0
BRF:5
BRH:1
end_of_record
TN:
SF:utils\userInfoValidation.js
FN:5,isValidUsername
FN:10,isValidPassword
FN:15,isValidEmail
FN:20,userInfoValidation
FN:28,userUpdateValidation
FN:35,userLoginValidation
FNF:6
FNH:2
FNDA:0,isValidUsername
FNDA:1,isValidPassword
FNDA:0,isValidEmail
FNDA:0,userInfoValidation
FNDA:2,userUpdateValidation
FNDA:0,userLoginValidation
DA:1,1
DA:2,1
DA:3,1
DA:4,1
DA:5,0
DA:6,0
DA:7,0
DA:8,0
DA:9,1
DA:10,1
DA:11,1
DA:12,1
DA:13,1
DA:14,1
DA:15,0
DA:16,0
DA:17,0
DA:18,0
DA:19,1
DA:20,0
DA:21,0
DA:22,0
DA:23,0
DA:24,0
DA:25,0
DA:26,0
DA:27,1
DA:28,2
DA:29,2
DA:30,2
DA:31,2
DA:32,2
DA:33,1
DA:34,1
DA:35,0
DA:36,0
DA:37,0
DA:38,1
DA:39,1
DA:40,1
DA:41,1
DA:42,1
DA:43,1
DA:44,1
DA:45,1
DA:46,1
LF:46
LH:28
BRDA:10,0,0,1
BRDA:11,1,0,0
BRDA:28,2,0,2
BRDA:30,3,0,1
BRDA:31,4,0,0
BRF:5
BRH:3
end_of_record
