TN:
SF:db.config.js
FNF:0
FNH:0
DA:1,1
DA:2,1
DA:3,1
DA:4,1
DA:5,1
DA:6,1
DA:7,1
DA:8,1
DA:9,1
DA:10,1
DA:11,1
DA:12,1
DA:13,1
DA:14,1
DA:15,0
DA:16,0
DA:17,1
DA:18,1
DA:19,1
LF:19
LH:17
BRDA:10,0,0,1
BRDA:14,1,0,0
BRF:2
BRH:1
end_of_record
TN:
SF:DTO\userDTO.js
FN:2,UserDTO
FNF:1
FNH:0
FNDA:0,UserDTO
DA:1,1
DA:2,1
DA:3,0
DA:4,0
DA:5,0
DA:6,0
DA:7,0
DA:8,0
DA:9,1
DA:10,1
LF:10
LH:4
BRF:0
BRH:0
end_of_record
TN:
SF:__test__\mockDatabase.js
FNF:0
FNH:0
DA:1,1
DA:2,1
DA:3,1
DA:4,1
DA:5,1
DA:6,1
DA:7,1
DA:8,1
DA:9,1
DA:10,1
DA:11,1
DA:12,1
DA:13,1
DA:14,1
DA:15,1
DA:16,1
DA:17,1
DA:18,1
DA:19,1
DA:20,1
DA:21,1
DA:22,1
DA:23,1
DA:24,1
DA:25,1
DA:26,1
DA:27,1
DA:28,1
DA:29,1
DA:30,1
DA:31,1
DA:32,1
DA:33,1
DA:34,1
DA:35,1
DA:36,1
DA:37,1
DA:38,1
DA:39,1
DA:40,1
DA:41,1
DA:42,1
DA:43,1
DA:44,1
DA:45,1
DA:46,1
DA:47,1
DA:48,1
DA:49,1
DA:50,1
DA:51,1
DA:52,1
DA:53,1
DA:54,1
DA:55,1
DA:56,1
DA:57,1
DA:58,1
DA:59,1
DA:60,1
DA:61,1
DA:62,1
DA:63,1
DA:64,1
DA:65,1
DA:66,1
DA:67,1
DA:68,1
DA:69,1
DA:70,1
DA:71,1
DA:72,1
DA:73,0
DA:74,0
DA:75,1
DA:76,1
LF:76
LH:74
BRF:0
BRH:0
end_of_record
TN:
SF:controllers\userController.js
FN:8,Object.<anonymous>.exports.getAllUsers
FN:18,Object.<anonymous>.exports.getUserByUsername
FN:28,Object.<anonymous>.exports.updateUser
FN:42,Object.<anonymous>.exports.deleteUser
FNF:4
FNH:4
FNDA:2,Object.<anonymous>.exports.getAllUsers
FNDA:2,Object.<anonymous>.exports.getUserByUsername
FNDA:2,Object.<anonymous>.exports.updateUser
FNDA:1,Object.<anonymous>.exports.deleteUser
DA:1,1
DA:2,1
DA:3,1
DA:4,1
DA:5,1
DA:6,1
DA:7,1
DA:8,1
DA:9,2
DA:10,2
DA:11,2
DA:12,1
DA:13,1
DA:14,1
DA:15,1
DA:16,2
DA:17,1
DA:18,1
DA:19,2
DA:20,2
DA:21,1
DA:22,1
DA:23,1
DA:24,1
DA:25,2
DA:26,1
DA:27,1
DA:28,1
DA:29,2
DA:30,2
DA:31,2
DA:32,2
DA:33,2
DA:34,2
DA:35,2
DA:36,2
DA:37,2
DA:38,0
DA:39,0
DA:40,2
DA:41,1
DA:42,1
DA:43,1
DA:44,1
DA:45,1
DA:46,1
DA:47,1
DA:48,0
DA:49,0
DA:50,1
LF:50
LH:46
BRDA:8,0,0,2
BRDA:11,1,0,1
BRDA:18,2,0,2
BRDA:20,3,0,1
BRDA:28,4,0,2
BRDA:37,5,0,0
BRDA:42,6,0,1
BRDA:47,7,0,0
BRF:8
BRH:6
end_of_record
TN:
SF:models\blogModel.js
FNF:0
FNH:0
DA:1,1
DA:2,1
DA:3,1
DA:4,1
DA:5,1
DA:6,1
DA:7,1
DA:8,1
DA:9,1
DA:10,1
DA:11,1
DA:12,1
DA:13,1
DA:14,1
DA:15,1
DA:16,1
DA:17,1
DA:18,1
DA:19,1
DA:20,1
DA:21,1
DA:22,1
DA:23,1
DA:24,1
DA:25,1
DA:26,1
DA:27,1
DA:28,1
DA:29,1
DA:30,1
DA:31,1
DA:32,1
DA:33,1
DA:34,1
DA:35,1
DA:36,1
DA:37,1
DA:38,1
LF:38
LH:38
BRF:0
BRH:0
end_of_record
TN:
SF:models\index.js
FN:16,test
FNF:1
FNH:1
FNDA:1,test
DA:1,1
DA:2,1
DA:3,1
DA:4,1
DA:5,1
DA:6,1
DA:7,1
DA:8,1
DA:9,1
DA:10,1
DA:11,1
DA:12,1
DA:13,1
DA:14,1
DA:15,1
DA:16,1
DA:17,1
DA:18,0
DA:19,1
DA:20,1
DA:21,1
DA:22,1
DA:23,1
LF:23
LH:22
BRDA:16,0,0,1
BRDA:17,1,0,0
BRF:2
BRH:1
end_of_record
TN:
SF:models\userModel.js
FNF:0
FNH:0
DA:1,1
DA:2,1
DA:3,1
DA:4,1
DA:5,1
DA:6,1
DA:7,1
DA:8,1
DA:9,1
DA:10,1
DA:11,1
DA:12,1
DA:13,1
DA:14,1
DA:15,1
DA:16,1
DA:17,1
DA:18,1
DA:19,1
DA:20,1
DA:21,1
DA:22,1
DA:23,1
DA:24,1
DA:25,1
DA:26,1
DA:27,1
DA:28,1
DA:29,1
DA:30,1
DA:31,1
DA:32,1
DA:33,1
DA:34,1
DA:35,1
DA:36,1
DA:37,1
DA:38,1
DA:39,1
DA:40,1
DA:41,1
DA:42,1
DA:43,1
DA:44,1
DA:45,1
DA:46,1
DA:47,1
DA:48,1
DA:49,1
DA:50,1
DA:51,1
DA:52,1
DA:53,1
DA:54,1
DA:55,1
LF:55
LH:55
BRF:0
BRH:0
end_of_record
TN:
SF:repository\userRepo.js
FN:6,Object.<anonymous>.exports.getAllUsers
FN:19,Object.<anonymous>.exports.getUserByUsername
FN:28,Object.<anonymous>.exports.createUser
FN:38,Object.<anonymous>.exports.updateUser
FN:46,Object.<anonymous>.exports.deleteUser
FN:55,Object.<anonymous>.exports.checkEmail
FNF:6
FNH:1
FNDA:0,Object.<anonymous>.exports.getAllUsers
FNDA:0,Object.<anonymous>.exports.getUserByUsername
FNDA:0,Object.<anonymous>.exports.createUser
FNDA:1,Object.<anonymous>.exports.updateUser
FNDA:0,Object.<anonymous>.exports.deleteUser
FNDA:0,Object.<anonymous>.exports.checkEmail
DA:1,1
DA:2,1
DA:3,1
DA:4,1
DA:5,1
DA:6,1
DA:7,0
DA:8,0
DA:9,0
DA:10,0
DA:11,0
DA:12,0
DA:13,0
DA:14,0
DA:15,0
DA:16,0
DA:17,0
DA:18,1
DA:19,1
DA:20,0
DA:21,0
DA:22,0
DA:23,0
DA:24,0
DA:25,0
DA:26,0
DA:27,1
DA:28,1
DA:29,0
DA:30,0
DA:31,0
DA:32,0
DA:33,0
DA:34,0
DA:35,0
DA:36,0
DA:37,1
DA:38,1
DA:39,1
DA:40,1
DA:41,1
DA:42,1
DA:43,1
DA:44,1
DA:45,1
DA:46,1
DA:47,0
DA:48,0
DA:49,0
DA:50,0
DA:51,0
DA:52,0
DA:53,0
DA:54,1
DA:55,1
DA:56,0
DA:57,0
DA:58,0
DA:59,0
DA:60,0
DA:61,0
DA:62,0
LF:62
LH:22
BRDA:38,0,0,1
BRF:1
BRH:1
end_of_record
TN:
SF:service\userService.js
FN:8,Object.<anonymous>.exports.getAllUsers
FN:18,Object.<anonymous>.exports.getUserDtoByUsername
FN:28,Object.<anonymous>.exports.getUserByUsername
FN:38,Object.<anonymous>.exports.createUser
FN:53,Object.<anonymous>.exports.updateUser
FN:64,Object.<anonymous>.exports.deleteUser
FNF:6
FNH:1
FNDA:0,Object.<anonymous>.exports.getAllUsers
FNDA:0,Object.<anonymous>.exports.getUserDtoByUsername
FNDA:0,Object.<anonymous>.exports.getUserByUsername
FNDA:0,Object.<anonymous>.exports.createUser
FNDA:1,Object.<anonymous>.exports.updateUser
FNDA:0,Object.<anonymous>.exports.deleteUser
DA:1,1
DA:2,1
DA:3,1
DA:4,1
DA:5,1
DA:6,1
DA:7,1
DA:8,1
DA:9,0
DA:10,0
DA:11,0
DA:12,0
DA:13,0
DA:14,0
DA:15,0
DA:16,0
DA:17,1
DA:18,1
DA:19,0
DA:20,0
DA:21,0
DA:22,0
DA:23,0
DA:24,0
DA:25,0
DA:26,0
DA:27,1
DA:28,1
DA:29,0
DA:30,0
DA:31,0
DA:32,0
DA:33,0
DA:34,0
DA:35,0
DA:36,0
DA:37,1
DA:38,1
DA:39,0
DA:40,0
DA:41,0
DA:42,0
DA:43,0
DA:44,0
DA:45,0
DA:46,0
DA:47,0
DA:48,0
DA:49,0
DA:50,0
DA:51,0
DA:52,1
DA:53,1
DA:54,1
DA:55,1
DA:56,1
DA:57,1
DA:58,1
DA:59,0
DA:60,0
DA:61,1
DA:62,1
DA:63,1
DA:64,1
DA:65,0
DA:66,0
DA:67,0
DA:68,0
DA:69,0
DA:70,0
LF:70
LH:25
BRDA:53,0,0,1
BRDA:58,1,0,0
BRF:2
BRH:1
end_of_record
TN:
SF:utils\contentNegotiation.js
FN:5,Object.<anonymous>.exports.sendJsResponse
FN:7,Object.<anonymous>.exports.sendXmlResponse
FN:10,Object.<anonymous>.exports.sendHtmlResponse
FN:12,Object.<anonymous>.exports.sendTextResponse
FN:15,Object.<anonymous>.exports.sendResponse
FNF:5
FNH:0
FNDA:0,Object.<anonymous>.exports.sendJsResponse
FNDA:0,Object.<anonymous>.exports.sendXmlResponse
FNDA:0,Object.<anonymous>.exports.sendHtmlResponse
FNDA:0,Object.<anonymous>.exports.sendTextResponse
FNDA:0,Object.<anonymous>.exports.sendResponse
DA:1,1
DA:2,1
DA:3,1
DA:4,1
DA:5,1
DA:6,1
DA:7,1
DA:8,0
DA:9,0
DA:10,1
DA:11,1
DA:12,1
DA:13,0
DA:14,1
DA:15,1
DA:16,0
DA:17,0
DA:18,0
DA:19,0
DA:20,0
DA:21,0
DA:22,0
DA:23,0
DA:24,0
DA:25,0
DA:26,0
DA:27,0
DA:28,0
LF:28
LH:12
BRF:0
BRH:0
end_of_record
TN:
SF:utils\hashingPassword.js
FN:5,hashingPassword
FN:12,checkPassword
FNF:2
FNH:1
FNDA:1,hashingPassword
FNDA:0,checkPassword
DA:1,1
DA:2,1
DA:3,1
DA:4,1
DA:5,1
DA:6,1
DA:7,1
DA:8,1
DA:9,1
DA:10,1
DA:11,1
DA:12,0
DA:13,0
DA:14,0
DA:15,0
DA:16,1
DA:17,1
LF:17
LH:13
BRDA:5,0,0,1
BRF:1
BRH:1
end_of_record
TN:
SF:utils\pagination.js
FN:1,Object.<anonymous>.exports.paginate
FNF:1
FNH:1
FNDA:2,Object.<anonymous>.exports.paginate
DA:1,1
DA:2,2
DA:3,2
DA:4,2
DA:5,2
DA:6,2
DA:7,2
DA:8,2
DA:9,2
LF:9
LH:9
BRDA:1,0,0,2
BRDA:4,1,0,0
BRDA:4,2,0,0
BRDA:5,3,0,0
BRDA:5,4,0,0
BRF:5
BRH:1
end_of_record
TN:
SF:utils\userInfoValidation.js
FN:5,isValidUsername
FN:10,isValidPassword
FN:15,isValidEmail
FN:20,userInfoValidation
FN:33,userUpdateValidation
FNF:5
FNH:0
FNDA:0,isValidUsername
FNDA:0,isValidPassword
FNDA:0,isValidEmail
FNDA:0,userInfoValidation
FNDA:0,userUpdateValidation
DA:1,1
DA:2,1
DA:3,1
DA:4,1
DA:5,0
DA:6,0
DA:7,0
DA:8,0
DA:9,1
DA:10,0
DA:11,0
DA:12,0
DA:13,0
DA:14,1
DA:15,0
DA:16,0
DA:17,0
DA:18,0
DA:19,1
DA:20,0
DA:21,0
DA:22,0
DA:23,0
DA:24,0
DA:25,0
DA:26,0
DA:27,0
DA:28,0
DA:29,0
DA:30,0
DA:31,0
DA:32,1
DA:33,0
DA:34,0
DA:35,0
DA:36,0
DA:37,1
DA:38,1
DA:39,1
DA:40,1
DA:41,1
DA:42,1
LF:42
LH:14
BRF:0
BRH:0
end_of_record
